Performing C SOURCE FILE Test OpenMP_FLAG_DETECTED failed with the following output:
Change Dir: /Users/pjtatlow/projects/bio365/graph_assembler/assemblers/SPAdes-3.9.0/build_spades/CMakeFiles/CMakeTmp

Run Build Command:"/usr/bin/make" "cmTC_f32cb/fast"
/Applications/Xcode.app/Contents/Developer/usr/bin/make -f CMakeFiles/cmTC_f32cb.dir/build.make CMakeFiles/cmTC_f32cb.dir/build
Building C object CMakeFiles/cmTC_f32cb.dir/src.c.o
/Applications/Xcode.app/Contents/Developer/Toolchains/XcodeDefault.xctoolchain/usr/bin/cc    -DOpenMP_FLAG_DETECTED -fopenmp=libomp   -o CMakeFiles/cmTC_f32cb.dir/src.c.o   -c /Users/pjtatlow/projects/bio365/graph_assembler/assemblers/SPAdes-3.9.0/build_spades/CMakeFiles/CMakeTmp/src.c
clang: error: unsupported argument 'libomp' to option 'fopenmp='
make[1]: *** [CMakeFiles/cmTC_f32cb.dir/src.c.o] Error 1
make: *** [cmTC_f32cb/fast] Error 2

Source file was:

#include <omp.h>
int main() {
#ifdef _OPENMP
  return 0;
#else
  breaks_on_purpose
#endif
}

Performing C SOURCE FILE Test OpenMP_FLAG_DETECTED failed with the following output:
Change Dir: /Users/pjtatlow/projects/bio365/graph_assembler/assemblers/SPAdes-3.9.0/build_spades/CMakeFiles/CMakeTmp

Run Build Command:"/usr/bin/make" "cmTC_5d41d/fast"
/Applications/Xcode.app/Contents/Developer/usr/bin/make -f CMakeFiles/cmTC_5d41d.dir/build.make CMakeFiles/cmTC_5d41d.dir/build
Building C object CMakeFiles/cmTC_5d41d.dir/src.c.o
/Applications/Xcode.app/Contents/Developer/Toolchains/XcodeDefault.xctoolchain/usr/bin/cc    -DOpenMP_FLAG_DETECTED   -o CMakeFiles/cmTC_5d41d.dir/src.c.o   -c /Users/pjtatlow/projects/bio365/graph_assembler/assemblers/SPAdes-3.9.0/build_spades/CMakeFiles/CMakeTmp/src.c
/Users/pjtatlow/projects/bio365/graph_assembler/assemblers/SPAdes-3.9.0/build_spades/CMakeFiles/CMakeTmp/src.c:2:10: fatal error: 'omp.h' file not found
#include <omp.h>
         ^
1 error generated.
make[1]: *** [CMakeFiles/cmTC_5d41d.dir/src.c.o] Error 1
make: *** [cmTC_5d41d/fast] Error 2

Source file was:

#include <omp.h>
int main() {
#ifdef _OPENMP
  return 0;
#else
  breaks_on_purpose
#endif
}

Performing C SOURCE FILE Test OpenMP_FLAG_DETECTED failed with the following output:
Change Dir: /Users/pjtatlow/projects/bio365/graph_assembler/assemblers/SPAdes-3.9.0/build_spades/CMakeFiles/CMakeTmp

Run Build Command:"/usr/bin/make" "cmTC_905bd/fast"
/Applications/Xcode.app/Contents/Developer/usr/bin/make -f CMakeFiles/cmTC_905bd.dir/build.make CMakeFiles/cmTC_905bd.dir/build
Building C object CMakeFiles/cmTC_905bd.dir/src.c.o
/Applications/Xcode.app/Contents/Developer/Toolchains/XcodeDefault.xctoolchain/usr/bin/cc    -DOpenMP_FLAG_DETECTED -fopenmp   -o CMakeFiles/cmTC_905bd.dir/src.c.o   -c /Users/pjtatlow/projects/bio365/graph_assembler/assemblers/SPAdes-3.9.0/build_spades/CMakeFiles/CMakeTmp/src.c
clang: error: unsupported option '-fopenmp'
make[1]: *** [CMakeFiles/cmTC_905bd.dir/src.c.o] Error 1
make: *** [cmTC_905bd/fast] Error 2

Source file was:

#include <omp.h>
int main() {
#ifdef _OPENMP
  return 0;
#else
  breaks_on_purpose
#endif
}

Performing C SOURCE FILE Test OpenMP_FLAG_DETECTED failed with the following output:
Change Dir: /Users/pjtatlow/projects/bio365/graph_assembler/assemblers/SPAdes-3.9.0/build_spades/CMakeFiles/CMakeTmp

Run Build Command:"/usr/bin/make" "cmTC_4601a/fast"
/Applications/Xcode.app/Contents/Developer/usr/bin/make -f CMakeFiles/cmTC_4601a.dir/build.make CMakeFiles/cmTC_4601a.dir/build
Building C object CMakeFiles/cmTC_4601a.dir/src.c.o
/Applications/Xcode.app/Contents/Developer/Toolchains/XcodeDefault.xctoolchain/usr/bin/cc    -DOpenMP_FLAG_DETECTED /openmp   -o CMakeFiles/cmTC_4601a.dir/src.c.o   -c /Users/pjtatlow/projects/bio365/graph_assembler/assemblers/SPAdes-3.9.0/build_spades/CMakeFiles/CMakeTmp/src.c
clang: error: no such file or directory: '/openmp'
make[1]: *** [CMakeFiles/cmTC_4601a.dir/src.c.o] Error 1
make: *** [cmTC_4601a/fast] Error 2

Source file was:

#include <omp.h>
int main() {
#ifdef _OPENMP
  return 0;
#else
  breaks_on_purpose
#endif
}

Performing C SOURCE FILE Test OpenMP_FLAG_DETECTED failed with the following output:
Change Dir: /Users/pjtatlow/projects/bio365/graph_assembler/assemblers/SPAdes-3.9.0/build_spades/CMakeFiles/CMakeTmp

Run Build Command:"/usr/bin/make" "cmTC_3d5a3/fast"
/Applications/Xcode.app/Contents/Developer/usr/bin/make -f CMakeFiles/cmTC_3d5a3.dir/build.make CMakeFiles/cmTC_3d5a3.dir/build
Building C object CMakeFiles/cmTC_3d5a3.dir/src.c.o
/Applications/Xcode.app/Contents/Developer/Toolchains/XcodeDefault.xctoolchain/usr/bin/cc    -DOpenMP_FLAG_DETECTED -Qopenmp   -o CMakeFiles/cmTC_3d5a3.dir/src.c.o   -c /Users/pjtatlow/projects/bio365/graph_assembler/assemblers/SPAdes-3.9.0/build_spades/CMakeFiles/CMakeTmp/src.c
clang: error: unknown argument: '-Qopenmp'
make[1]: *** [CMakeFiles/cmTC_3d5a3.dir/src.c.o] Error 1
make: *** [cmTC_3d5a3/fast] Error 2

Source file was:

#include <omp.h>
int main() {
#ifdef _OPENMP
  return 0;
#else
  breaks_on_purpose
#endif
}

Performing C SOURCE FILE Test OpenMP_FLAG_DETECTED failed with the following output:
Change Dir: /Users/pjtatlow/projects/bio365/graph_assembler/assemblers/SPAdes-3.9.0/build_spades/CMakeFiles/CMakeTmp

Run Build Command:"/usr/bin/make" "cmTC_6a79b/fast"
/Applications/Xcode.app/Contents/Developer/usr/bin/make -f CMakeFiles/cmTC_6a79b.dir/build.make CMakeFiles/cmTC_6a79b.dir/build
Building C object CMakeFiles/cmTC_6a79b.dir/src.c.o
/Applications/Xcode.app/Contents/Developer/Toolchains/XcodeDefault.xctoolchain/usr/bin/cc    -DOpenMP_FLAG_DETECTED -openmp   -o CMakeFiles/cmTC_6a79b.dir/src.c.o   -c /Users/pjtatlow/projects/bio365/graph_assembler/assemblers/SPAdes-3.9.0/build_spades/CMakeFiles/CMakeTmp/src.c
/Users/pjtatlow/projects/bio365/graph_assembler/assemblers/SPAdes-3.9.0/build_spades/CMakeFiles/CMakeTmp/src.c:2:10: fatal error: 'omp.h' file not found
#include <omp.h>
         ^
1 error generated.
make[1]: *** [CMakeFiles/cmTC_6a79b.dir/src.c.o] Error 1
make: *** [cmTC_6a79b/fast] Error 2

Source file was:

#include <omp.h>
int main() {
#ifdef _OPENMP
  return 0;
#else
  breaks_on_purpose
#endif
}

Performing C SOURCE FILE Test OpenMP_FLAG_DETECTED failed with the following output:
Change Dir: /Users/pjtatlow/projects/bio365/graph_assembler/assemblers/SPAdes-3.9.0/build_spades/CMakeFiles/CMakeTmp

Run Build Command:"/usr/bin/make" "cmTC_1c8a2/fast"
/Applications/Xcode.app/Contents/Developer/usr/bin/make -f CMakeFiles/cmTC_1c8a2.dir/build.make CMakeFiles/cmTC_1c8a2.dir/build
Building C object CMakeFiles/cmTC_1c8a2.dir/src.c.o
/Applications/Xcode.app/Contents/Developer/Toolchains/XcodeDefault.xctoolchain/usr/bin/cc    -DOpenMP_FLAG_DETECTED -xopenmp   -o CMakeFiles/cmTC_1c8a2.dir/src.c.o   -c /Users/pjtatlow/projects/bio365/graph_assembler/assemblers/SPAdes-3.9.0/build_spades/CMakeFiles/CMakeTmp/src.c
clang: error: language not recognized: 'openmp'
clang: warning: /Users/pjtatlow/projects/bio365/graph_assembler/assemblers/SPAdes-3.9.0/build_spades/CMakeFiles/CMakeTmp/src.c: 'linker' input unused
make[1]: *** [CMakeFiles/cmTC_1c8a2.dir/src.c.o] Error 1
make: *** [cmTC_1c8a2/fast] Error 2

Source file was:

#include <omp.h>
int main() {
#ifdef _OPENMP
  return 0;
#else
  breaks_on_purpose
#endif
}

Performing C SOURCE FILE Test OpenMP_FLAG_DETECTED failed with the following output:
Change Dir: /Users/pjtatlow/projects/bio365/graph_assembler/assemblers/SPAdes-3.9.0/build_spades/CMakeFiles/CMakeTmp

Run Build Command:"/usr/bin/make" "cmTC_c5d3b/fast"
/Applications/Xcode.app/Contents/Developer/usr/bin/make -f CMakeFiles/cmTC_c5d3b.dir/build.make CMakeFiles/cmTC_c5d3b.dir/build
Building C object CMakeFiles/cmTC_c5d3b.dir/src.c.o
/Applications/Xcode.app/Contents/Developer/Toolchains/XcodeDefault.xctoolchain/usr/bin/cc    -DOpenMP_FLAG_DETECTED +Oopenmp   -o CMakeFiles/cmTC_c5d3b.dir/src.c.o   -c /Users/pjtatlow/projects/bio365/graph_assembler/assemblers/SPAdes-3.9.0/build_spades/CMakeFiles/CMakeTmp/src.c
clang: error: no such file or directory: '+Oopenmp'
make[1]: *** [CMakeFiles/cmTC_c5d3b.dir/src.c.o] Error 1
make: *** [cmTC_c5d3b/fast] Error 2

Source file was:

#include <omp.h>
int main() {
#ifdef _OPENMP
  return 0;
#else
  breaks_on_purpose
#endif
}

Performing C SOURCE FILE Test OpenMP_FLAG_DETECTED failed with the following output:
Change Dir: /Users/pjtatlow/projects/bio365/graph_assembler/assemblers/SPAdes-3.9.0/build_spades/CMakeFiles/CMakeTmp

Run Build Command:"/usr/bin/make" "cmTC_d7073/fast"
/Applications/Xcode.app/Contents/Developer/usr/bin/make -f CMakeFiles/cmTC_d7073.dir/build.make CMakeFiles/cmTC_d7073.dir/build
Building C object CMakeFiles/cmTC_d7073.dir/src.c.o
/Applications/Xcode.app/Contents/Developer/Toolchains/XcodeDefault.xctoolchain/usr/bin/cc    -DOpenMP_FLAG_DETECTED -qsmp   -o CMakeFiles/cmTC_d7073.dir/src.c.o   -c /Users/pjtatlow/projects/bio365/graph_assembler/assemblers/SPAdes-3.9.0/build_spades/CMakeFiles/CMakeTmp/src.c
clang: error: unknown argument: '-qsmp'
make[1]: *** [CMakeFiles/cmTC_d7073.dir/src.c.o] Error 1
make: *** [cmTC_d7073/fast] Error 2

Source file was:

#include <omp.h>
int main() {
#ifdef _OPENMP
  return 0;
#else
  breaks_on_purpose
#endif
}

Performing C SOURCE FILE Test OpenMP_FLAG_DETECTED failed with the following output:
Change Dir: /Users/pjtatlow/projects/bio365/graph_assembler/assemblers/SPAdes-3.9.0/build_spades/CMakeFiles/CMakeTmp

Run Build Command:"/usr/bin/make" "cmTC_a29f6/fast"
/Applications/Xcode.app/Contents/Developer/usr/bin/make -f CMakeFiles/cmTC_a29f6.dir/build.make CMakeFiles/cmTC_a29f6.dir/build
Building C object CMakeFiles/cmTC_a29f6.dir/src.c.o
/Applications/Xcode.app/Contents/Developer/Toolchains/XcodeDefault.xctoolchain/usr/bin/cc    -DOpenMP_FLAG_DETECTED -mp   -o CMakeFiles/cmTC_a29f6.dir/src.c.o   -c /Users/pjtatlow/projects/bio365/graph_assembler/assemblers/SPAdes-3.9.0/build_spades/CMakeFiles/CMakeTmp/src.c
clang: error: unknown argument: '-mp'
make[1]: *** [CMakeFiles/cmTC_a29f6.dir/src.c.o] Error 1
make: *** [cmTC_a29f6/fast] Error 2

Source file was:

#include <omp.h>
int main() {
#ifdef _OPENMP
  return 0;
#else
  breaks_on_purpose
#endif
}

Performing C++ SOURCE FILE Test OpenMP_FLAG_DETECTED failed with the following output:
Change Dir: /Users/pjtatlow/projects/bio365/graph_assembler/assemblers/SPAdes-3.9.0/build_spades/CMakeFiles/CMakeTmp

Run Build Command:"/usr/bin/make" "cmTC_ce68b/fast"
/Applications/Xcode.app/Contents/Developer/usr/bin/make -f CMakeFiles/cmTC_ce68b.dir/build.make CMakeFiles/cmTC_ce68b.dir/build
Building CXX object CMakeFiles/cmTC_ce68b.dir/src.cxx.o
/Applications/Xcode.app/Contents/Developer/Toolchains/XcodeDefault.xctoolchain/usr/bin/c++     -DOpenMP_FLAG_DETECTED -fopenmp=libomp   -o CMakeFiles/cmTC_ce68b.dir/src.cxx.o -c /Users/pjtatlow/projects/bio365/graph_assembler/assemblers/SPAdes-3.9.0/build_spades/CMakeFiles/CMakeTmp/src.cxx
clang: error: unsupported argument 'libomp' to option 'fopenmp='
make[1]: *** [CMakeFiles/cmTC_ce68b.dir/src.cxx.o] Error 1
make: *** [cmTC_ce68b/fast] Error 2

Source file was:

#include <omp.h>
int main() {
#ifdef _OPENMP
  return 0;
#else
  breaks_on_purpose
#endif
}

Performing C++ SOURCE FILE Test OpenMP_FLAG_DETECTED failed with the following output:
Change Dir: /Users/pjtatlow/projects/bio365/graph_assembler/assemblers/SPAdes-3.9.0/build_spades/CMakeFiles/CMakeTmp

Run Build Command:"/usr/bin/make" "cmTC_bf77a/fast"
/Applications/Xcode.app/Contents/Developer/usr/bin/make -f CMakeFiles/cmTC_bf77a.dir/build.make CMakeFiles/cmTC_bf77a.dir/build
Building CXX object CMakeFiles/cmTC_bf77a.dir/src.cxx.o
/Applications/Xcode.app/Contents/Developer/Toolchains/XcodeDefault.xctoolchain/usr/bin/c++     -DOpenMP_FLAG_DETECTED   -o CMakeFiles/cmTC_bf77a.dir/src.cxx.o -c /Users/pjtatlow/projects/bio365/graph_assembler/assemblers/SPAdes-3.9.0/build_spades/CMakeFiles/CMakeTmp/src.cxx
/Users/pjtatlow/projects/bio365/graph_assembler/assemblers/SPAdes-3.9.0/build_spades/CMakeFiles/CMakeTmp/src.cxx:2:10: fatal error: 'omp.h' file not found
#include <omp.h>
         ^
1 error generated.
make[1]: *** [CMakeFiles/cmTC_bf77a.dir/src.cxx.o] Error 1
make: *** [cmTC_bf77a/fast] Error 2

Source file was:

#include <omp.h>
int main() {
#ifdef _OPENMP
  return 0;
#else
  breaks_on_purpose
#endif
}

Performing C++ SOURCE FILE Test OpenMP_FLAG_DETECTED failed with the following output:
Change Dir: /Users/pjtatlow/projects/bio365/graph_assembler/assemblers/SPAdes-3.9.0/build_spades/CMakeFiles/CMakeTmp

Run Build Command:"/usr/bin/make" "cmTC_fff75/fast"
/Applications/Xcode.app/Contents/Developer/usr/bin/make -f CMakeFiles/cmTC_fff75.dir/build.make CMakeFiles/cmTC_fff75.dir/build
Building CXX object CMakeFiles/cmTC_fff75.dir/src.cxx.o
/Applications/Xcode.app/Contents/Developer/Toolchains/XcodeDefault.xctoolchain/usr/bin/c++     -DOpenMP_FLAG_DETECTED -fopenmp   -o CMakeFiles/cmTC_fff75.dir/src.cxx.o -c /Users/pjtatlow/projects/bio365/graph_assembler/assemblers/SPAdes-3.9.0/build_spades/CMakeFiles/CMakeTmp/src.cxx
clang: error: unsupported option '-fopenmp'
make[1]: *** [CMakeFiles/cmTC_fff75.dir/src.cxx.o] Error 1
make: *** [cmTC_fff75/fast] Error 2

Source file was:

#include <omp.h>
int main() {
#ifdef _OPENMP
  return 0;
#else
  breaks_on_purpose
#endif
}

Performing C++ SOURCE FILE Test OpenMP_FLAG_DETECTED failed with the following output:
Change Dir: /Users/pjtatlow/projects/bio365/graph_assembler/assemblers/SPAdes-3.9.0/build_spades/CMakeFiles/CMakeTmp

Run Build Command:"/usr/bin/make" "cmTC_28719/fast"
/Applications/Xcode.app/Contents/Developer/usr/bin/make -f CMakeFiles/cmTC_28719.dir/build.make CMakeFiles/cmTC_28719.dir/build
Building CXX object CMakeFiles/cmTC_28719.dir/src.cxx.o
/Applications/Xcode.app/Contents/Developer/Toolchains/XcodeDefault.xctoolchain/usr/bin/c++     -DOpenMP_FLAG_DETECTED /openmp   -o CMakeFiles/cmTC_28719.dir/src.cxx.o -c /Users/pjtatlow/projects/bio365/graph_assembler/assemblers/SPAdes-3.9.0/build_spades/CMakeFiles/CMakeTmp/src.cxx
clang: error: no such file or directory: '/openmp'
make[1]: *** [CMakeFiles/cmTC_28719.dir/src.cxx.o] Error 1
make: *** [cmTC_28719/fast] Error 2

Source file was:

#include <omp.h>
int main() {
#ifdef _OPENMP
  return 0;
#else
  breaks_on_purpose
#endif
}

Performing C++ SOURCE FILE Test OpenMP_FLAG_DETECTED failed with the following output:
Change Dir: /Users/pjtatlow/projects/bio365/graph_assembler/assemblers/SPAdes-3.9.0/build_spades/CMakeFiles/CMakeTmp

Run Build Command:"/usr/bin/make" "cmTC_b8cd8/fast"
/Applications/Xcode.app/Contents/Developer/usr/bin/make -f CMakeFiles/cmTC_b8cd8.dir/build.make CMakeFiles/cmTC_b8cd8.dir/build
Building CXX object CMakeFiles/cmTC_b8cd8.dir/src.cxx.o
/Applications/Xcode.app/Contents/Developer/Toolchains/XcodeDefault.xctoolchain/usr/bin/c++     -DOpenMP_FLAG_DETECTED -Qopenmp   -o CMakeFiles/cmTC_b8cd8.dir/src.cxx.o -c /Users/pjtatlow/projects/bio365/graph_assembler/assemblers/SPAdes-3.9.0/build_spades/CMakeFiles/CMakeTmp/src.cxx
clang: error: unknown argument: '-Qopenmp'
make[1]: *** [CMakeFiles/cmTC_b8cd8.dir/src.cxx.o] Error 1
make: *** [cmTC_b8cd8/fast] Error 2

Source file was:

#include <omp.h>
int main() {
#ifdef _OPENMP
  return 0;
#else
  breaks_on_purpose
#endif
}

Performing C++ SOURCE FILE Test OpenMP_FLAG_DETECTED failed with the following output:
Change Dir: /Users/pjtatlow/projects/bio365/graph_assembler/assemblers/SPAdes-3.9.0/build_spades/CMakeFiles/CMakeTmp

Run Build Command:"/usr/bin/make" "cmTC_7d780/fast"
/Applications/Xcode.app/Contents/Developer/usr/bin/make -f CMakeFiles/cmTC_7d780.dir/build.make CMakeFiles/cmTC_7d780.dir/build
Building CXX object CMakeFiles/cmTC_7d780.dir/src.cxx.o
/Applications/Xcode.app/Contents/Developer/Toolchains/XcodeDefault.xctoolchain/usr/bin/c++     -DOpenMP_FLAG_DETECTED -openmp   -o CMakeFiles/cmTC_7d780.dir/src.cxx.o -c /Users/pjtatlow/projects/bio365/graph_assembler/assemblers/SPAdes-3.9.0/build_spades/CMakeFiles/CMakeTmp/src.cxx
/Users/pjtatlow/projects/bio365/graph_assembler/assemblers/SPAdes-3.9.0/build_spades/CMakeFiles/CMakeTmp/src.cxx:2:10: fatal error: 'omp.h' file not found
#include <omp.h>
         ^
1 error generated.
make[1]: *** [CMakeFiles/cmTC_7d780.dir/src.cxx.o] Error 1
make: *** [cmTC_7d780/fast] Error 2

Source file was:

#include <omp.h>
int main() {
#ifdef _OPENMP
  return 0;
#else
  breaks_on_purpose
#endif
}

Performing C++ SOURCE FILE Test OpenMP_FLAG_DETECTED failed with the following output:
Change Dir: /Users/pjtatlow/projects/bio365/graph_assembler/assemblers/SPAdes-3.9.0/build_spades/CMakeFiles/CMakeTmp

Run Build Command:"/usr/bin/make" "cmTC_80d3f/fast"
/Applications/Xcode.app/Contents/Developer/usr/bin/make -f CMakeFiles/cmTC_80d3f.dir/build.make CMakeFiles/cmTC_80d3f.dir/build
Building CXX object CMakeFiles/cmTC_80d3f.dir/src.cxx.o
/Applications/Xcode.app/Contents/Developer/Toolchains/XcodeDefault.xctoolchain/usr/bin/c++     -DOpenMP_FLAG_DETECTED -xopenmp   -o CMakeFiles/cmTC_80d3f.dir/src.cxx.o -c /Users/pjtatlow/projects/bio365/graph_assembler/assemblers/SPAdes-3.9.0/build_spades/CMakeFiles/CMakeTmp/src.cxx
clang: error: language not recognized: 'openmp'
clang: warning: /Users/pjtatlow/projects/bio365/graph_assembler/assemblers/SPAdes-3.9.0/build_spades/CMakeFiles/CMakeTmp/src.cxx: 'linker' input unused
make[1]: *** [CMakeFiles/cmTC_80d3f.dir/src.cxx.o] Error 1
make: *** [cmTC_80d3f/fast] Error 2

Source file was:

#include <omp.h>
int main() {
#ifdef _OPENMP
  return 0;
#else
  breaks_on_purpose
#endif
}

Performing C++ SOURCE FILE Test OpenMP_FLAG_DETECTED failed with the following output:
Change Dir: /Users/pjtatlow/projects/bio365/graph_assembler/assemblers/SPAdes-3.9.0/build_spades/CMakeFiles/CMakeTmp

Run Build Command:"/usr/bin/make" "cmTC_1afd8/fast"
/Applications/Xcode.app/Contents/Developer/usr/bin/make -f CMakeFiles/cmTC_1afd8.dir/build.make CMakeFiles/cmTC_1afd8.dir/build
Building CXX object CMakeFiles/cmTC_1afd8.dir/src.cxx.o
/Applications/Xcode.app/Contents/Developer/Toolchains/XcodeDefault.xctoolchain/usr/bin/c++     -DOpenMP_FLAG_DETECTED +Oopenmp   -o CMakeFiles/cmTC_1afd8.dir/src.cxx.o -c /Users/pjtatlow/projects/bio365/graph_assembler/assemblers/SPAdes-3.9.0/build_spades/CMakeFiles/CMakeTmp/src.cxx
clang: error: no such file or directory: '+Oopenmp'
make[1]: *** [CMakeFiles/cmTC_1afd8.dir/src.cxx.o] Error 1
make: *** [cmTC_1afd8/fast] Error 2

Source file was:

#include <omp.h>
int main() {
#ifdef _OPENMP
  return 0;
#else
  breaks_on_purpose
#endif
}

Performing C++ SOURCE FILE Test OpenMP_FLAG_DETECTED failed with the following output:
Change Dir: /Users/pjtatlow/projects/bio365/graph_assembler/assemblers/SPAdes-3.9.0/build_spades/CMakeFiles/CMakeTmp

Run Build Command:"/usr/bin/make" "cmTC_6d997/fast"
/Applications/Xcode.app/Contents/Developer/usr/bin/make -f CMakeFiles/cmTC_6d997.dir/build.make CMakeFiles/cmTC_6d997.dir/build
Building CXX object CMakeFiles/cmTC_6d997.dir/src.cxx.o
/Applications/Xcode.app/Contents/Developer/Toolchains/XcodeDefault.xctoolchain/usr/bin/c++     -DOpenMP_FLAG_DETECTED -qsmp   -o CMakeFiles/cmTC_6d997.dir/src.cxx.o -c /Users/pjtatlow/projects/bio365/graph_assembler/assemblers/SPAdes-3.9.0/build_spades/CMakeFiles/CMakeTmp/src.cxx
clang: error: unknown argument: '-qsmp'
make[1]: *** [CMakeFiles/cmTC_6d997.dir/src.cxx.o] Error 1
make: *** [cmTC_6d997/fast] Error 2

Source file was:

#include <omp.h>
int main() {
#ifdef _OPENMP
  return 0;
#else
  breaks_on_purpose
#endif
}

Performing C++ SOURCE FILE Test OpenMP_FLAG_DETECTED failed with the following output:
Change Dir: /Users/pjtatlow/projects/bio365/graph_assembler/assemblers/SPAdes-3.9.0/build_spades/CMakeFiles/CMakeTmp

Run Build Command:"/usr/bin/make" "cmTC_bb4bf/fast"
/Applications/Xcode.app/Contents/Developer/usr/bin/make -f CMakeFiles/cmTC_bb4bf.dir/build.make CMakeFiles/cmTC_bb4bf.dir/build
Building CXX object CMakeFiles/cmTC_bb4bf.dir/src.cxx.o
/Applications/Xcode.app/Contents/Developer/Toolchains/XcodeDefault.xctoolchain/usr/bin/c++     -DOpenMP_FLAG_DETECTED -mp   -o CMakeFiles/cmTC_bb4bf.dir/src.cxx.o -c /Users/pjtatlow/projects/bio365/graph_assembler/assemblers/SPAdes-3.9.0/build_spades/CMakeFiles/CMakeTmp/src.cxx
clang: error: unknown argument: '-mp'
make[1]: *** [CMakeFiles/cmTC_bb4bf.dir/src.cxx.o] Error 1
make: *** [cmTC_bb4bf/fast] Error 2

Source file was:

#include <omp.h>
int main() {
#ifdef _OPENMP
  return 0;
#else
  breaks_on_purpose
#endif
}

Determining if files features.h exist failed with the following output:
Change Dir: /Users/pjtatlow/projects/bio365/graph_assembler/assemblers/SPAdes-3.9.0/build_spades/CMakeFiles/CMakeTmp

Run Build Command:"/usr/bin/make" "cmTC_d1f2b/fast"
/Applications/Xcode.app/Contents/Developer/usr/bin/make -f CMakeFiles/cmTC_d1f2b.dir/build.make CMakeFiles/cmTC_d1f2b.dir/build
Building C object CMakeFiles/cmTC_d1f2b.dir/CheckIncludeFiles.c.o
/Applications/Xcode.app/Contents/Developer/Toolchains/XcodeDefault.xctoolchain/usr/bin/cc     -o CMakeFiles/cmTC_d1f2b.dir/CheckIncludeFiles.c.o   -c /Users/pjtatlow/projects/bio365/graph_assembler/assemblers/SPAdes-3.9.0/build_spades/CMakeFiles/CMakeTmp/CheckIncludeFiles.c
/Users/pjtatlow/projects/bio365/graph_assembler/assemblers/SPAdes-3.9.0/build_spades/CMakeFiles/CMakeTmp/CheckIncludeFiles.c:2:10: fatal error: 'features.h' file not found
#include <features.h>
         ^
1 error generated.
make[1]: *** [CMakeFiles/cmTC_d1f2b.dir/CheckIncludeFiles.c.o] Error 1
make: *** [cmTC_d1f2b/fast] Error 2

Source:
/* */
#include <features.h>


int main(void){return 0;}

Determining if the atomic_fetchadd_long exist failed with the following output:
Change Dir: /Users/pjtatlow/projects/bio365/graph_assembler/assemblers/SPAdes-3.9.0/build_spades/CMakeFiles/CMakeTmp

Run Build Command:"/usr/bin/make" "cmTC_6ba24/fast"
/Applications/Xcode.app/Contents/Developer/usr/bin/make -f CMakeFiles/cmTC_6ba24.dir/build.make CMakeFiles/cmTC_6ba24.dir/build
Building C object CMakeFiles/cmTC_6ba24.dir/CheckSymbolExists.c.o
/Applications/Xcode.app/Contents/Developer/Toolchains/XcodeDefault.xctoolchain/usr/bin/cc     -o CMakeFiles/cmTC_6ba24.dir/CheckSymbolExists.c.o   -c /Users/pjtatlow/projects/bio365/graph_assembler/assemblers/SPAdes-3.9.0/build_spades/CMakeFiles/CMakeTmp/CheckSymbolExists.c
/Users/pjtatlow/projects/bio365/graph_assembler/assemblers/SPAdes-3.9.0/build_spades/CMakeFiles/CMakeTmp/CheckSymbolExists.c:3:10: fatal error: 'machine/atomic.h' file not found
#include <machine/atomic.h>
         ^
1 error generated.
make[1]: *** [CMakeFiles/cmTC_6ba24.dir/CheckSymbolExists.c.o] Error 1
make: *** [cmTC_6ba24/fast] Error 2

File /Users/pjtatlow/projects/bio365/graph_assembler/assemblers/SPAdes-3.9.0/build_spades/CMakeFiles/CMakeTmp/CheckSymbolExists.c:
/* */
#include <sys/types.h>
#include <machine/atomic.h>
#include <inttypes.h>

int main(int argc, char** argv)
{
  (void)argv;
#ifndef atomic_fetchadd_long
  return ((int*)(&atomic_fetchadd_long))[argc];
#else
  (void)argc;
  return 0;
#endif
}

Determining if the function _malloc_thread_cleanup exists failed with the following output:
Change Dir: /Users/pjtatlow/projects/bio365/graph_assembler/assemblers/SPAdes-3.9.0/build_spades/CMakeFiles/CMakeTmp

Run Build Command:"/usr/bin/make" "cmTC_65770/fast"
/Applications/Xcode.app/Contents/Developer/usr/bin/make -f CMakeFiles/cmTC_65770.dir/build.make CMakeFiles/cmTC_65770.dir/build
Building C object CMakeFiles/cmTC_65770.dir/CheckFunctionExists.c.o
/Applications/Xcode.app/Contents/Developer/Toolchains/XcodeDefault.xctoolchain/usr/bin/cc    -DCHECK_FUNCTION_EXISTS=_malloc_thread_cleanup   -o CMakeFiles/cmTC_65770.dir/CheckFunctionExists.c.o   -c /usr/local/Cellar/cmake/3.6.2/share/cmake/Modules/CheckFunctionExists.c
Linking C executable cmTC_65770
/usr/local/Cellar/cmake/3.6.2/bin/cmake -E cmake_link_script CMakeFiles/cmTC_65770.dir/link.txt --verbose=1
/Applications/Xcode.app/Contents/Developer/Toolchains/XcodeDefault.xctoolchain/usr/bin/cc   -DCHECK_FUNCTION_EXISTS=_malloc_thread_cleanup -Wl,-search_paths_first -Wl,-headerpad_max_install_names   CMakeFiles/cmTC_65770.dir/CheckFunctionExists.c.o  -o cmTC_65770  
Undefined symbols for architecture x86_64:
  "__malloc_thread_cleanup", referenced from:
      _main in CheckFunctionExists.c.o
ld: symbol(s) not found for architecture x86_64
clang: error: linker command failed with exit code 1 (use -v to see invocation)
make[1]: *** [cmTC_65770] Error 1
make: *** [cmTC_65770/fast] Error 2


Determining if the function _pthread_mutex_init_calloc_cb, exists failed with the following output:
Change Dir: /Users/pjtatlow/projects/bio365/graph_assembler/assemblers/SPAdes-3.9.0/build_spades/CMakeFiles/CMakeTmp

Run Build Command:"/usr/bin/make" "cmTC_53038/fast"
/Applications/Xcode.app/Contents/Developer/usr/bin/make -f CMakeFiles/cmTC_53038.dir/build.make CMakeFiles/cmTC_53038.dir/build
Building C object CMakeFiles/cmTC_53038.dir/CheckFunctionExists.c.o
/Applications/Xcode.app/Contents/Developer/Toolchains/XcodeDefault.xctoolchain/usr/bin/cc    -DCHECK_FUNCTION_EXISTS=_pthread_mutex_init_calloc_cb,   -o CMakeFiles/cmTC_53038.dir/CheckFunctionExists.c.o   -c /usr/local/Cellar/cmake/3.6.2/share/cmake/Modules/CheckFunctionExists.c
/usr/local/Cellar/cmake/3.6.2/share/cmake/Modules/CheckFunctionExists.c:7:25: error: expected identifier or '('
  CHECK_FUNCTION_EXISTS();
                        ^
/usr/local/Cellar/cmake/3.6.2/share/cmake/Modules/CheckFunctionExists.c:17:25: error: expected expression
  CHECK_FUNCTION_EXISTS();
                        ^
2 errors generated.
make[1]: *** [CMakeFiles/cmTC_53038.dir/CheckFunctionExists.c.o] Error 1
make: *** [cmTC_53038/fast] Error 2


Determining if the function memalign exists failed with the following output:
Change Dir: /Users/pjtatlow/projects/bio365/graph_assembler/assemblers/SPAdes-3.9.0/build_spades/CMakeFiles/CMakeTmp

Run Build Command:"/usr/bin/make" "cmTC_16b33/fast"
/Applications/Xcode.app/Contents/Developer/usr/bin/make -f CMakeFiles/cmTC_16b33.dir/build.make CMakeFiles/cmTC_16b33.dir/build
Building C object CMakeFiles/cmTC_16b33.dir/CheckFunctionExists.c.o
/Applications/Xcode.app/Contents/Developer/Toolchains/XcodeDefault.xctoolchain/usr/bin/cc    -DCHECK_FUNCTION_EXISTS=memalign   -o CMakeFiles/cmTC_16b33.dir/CheckFunctionExists.c.o   -c /usr/local/Cellar/cmake/3.6.2/share/cmake/Modules/CheckFunctionExists.c
Linking C executable cmTC_16b33
/usr/local/Cellar/cmake/3.6.2/bin/cmake -E cmake_link_script CMakeFiles/cmTC_16b33.dir/link.txt --verbose=1
/Applications/Xcode.app/Contents/Developer/Toolchains/XcodeDefault.xctoolchain/usr/bin/cc   -DCHECK_FUNCTION_EXISTS=memalign -Wl,-search_paths_first -Wl,-headerpad_max_install_names   CMakeFiles/cmTC_16b33.dir/CheckFunctionExists.c.o  -o cmTC_16b33  
Undefined symbols for architecture x86_64:
  "_memalign", referenced from:
      _main in CheckFunctionExists.c.o
ld: symbol(s) not found for architecture x86_64
clang: error: linker command failed with exit code 1 (use -v to see invocation)
make[1]: *** [cmTC_16b33] Error 1
make: *** [cmTC_16b33/fast] Error 2


Determining if files link.h exist failed with the following output:
Change Dir: /Users/pjtatlow/projects/bio365/graph_assembler/assemblers/SPAdes-3.9.0/build_spades/CMakeFiles/CMakeTmp

Run Build Command:"/usr/bin/make" "cmTC_3ac9e/fast"
/Applications/Xcode.app/Contents/Developer/usr/bin/make -f CMakeFiles/cmTC_3ac9e.dir/build.make CMakeFiles/cmTC_3ac9e.dir/build
Building C object CMakeFiles/cmTC_3ac9e.dir/CheckIncludeFiles.c.o
/Applications/Xcode.app/Contents/Developer/Toolchains/XcodeDefault.xctoolchain/usr/bin/cc     -o CMakeFiles/cmTC_3ac9e.dir/CheckIncludeFiles.c.o   -c /Users/pjtatlow/projects/bio365/graph_assembler/assemblers/SPAdes-3.9.0/build_spades/CMakeFiles/CMakeTmp/CheckIncludeFiles.c
/Users/pjtatlow/projects/bio365/graph_assembler/assemblers/SPAdes-3.9.0/build_spades/CMakeFiles/CMakeTmp/CheckIncludeFiles.c:2:10: fatal error: 'link.h' file not found
#include <link.h>
         ^
1 error generated.
make[1]: *** [CMakeFiles/cmTC_3ac9e.dir/CheckIncludeFiles.c.o] Error 1
make: *** [cmTC_3ac9e/fast] Error 2

Source:
/* */
#include <link.h>


int main(void){return 0;}

