The system is: Darwin - 16.0.0 - x86_64
Compiling the C compiler identification source file "CMakeCCompilerId.c" succeeded.
Compiler: /Applications/Xcode.app/Contents/Developer/Toolchains/XcodeDefault.xctoolchain/usr/bin/cc 
Build flags: 
Id flags: 

The output was:
0


Compilation of the C compiler identification source "CMakeCCompilerId.c" produced "a.out"

The C compiler identification is AppleClang, found in "/Users/pjtatlow/projects/bio365/graph_assembler/assemblers/SPAdes-3.9.0/build_spades/CMakeFiles/3.6.2/CompilerIdC/a.out"

Compiling the CXX compiler identification source file "CMakeCXXCompilerId.cpp" succeeded.
Compiler: /Applications/Xcode.app/Contents/Developer/Toolchains/XcodeDefault.xctoolchain/usr/bin/c++ 
Build flags: 
Id flags: 

The output was:
0


Compilation of the CXX compiler identification source "CMakeCXXCompilerId.cpp" produced "a.out"

The CXX compiler identification is AppleClang, found in "/Users/pjtatlow/projects/bio365/graph_assembler/assemblers/SPAdes-3.9.0/build_spades/CMakeFiles/3.6.2/CompilerIdCXX/a.out"

Determining if the C compiler works passed with the following output:
Change Dir: /Users/pjtatlow/projects/bio365/graph_assembler/assemblers/SPAdes-3.9.0/build_spades/CMakeFiles/CMakeTmp

Run Build Command:"/usr/bin/make" "cmTC_16622/fast"
/Applications/Xcode.app/Contents/Developer/usr/bin/make -f CMakeFiles/cmTC_16622.dir/build.make CMakeFiles/cmTC_16622.dir/build
Building C object CMakeFiles/cmTC_16622.dir/testCCompiler.c.o
/Applications/Xcode.app/Contents/Developer/Toolchains/XcodeDefault.xctoolchain/usr/bin/cc     -o CMakeFiles/cmTC_16622.dir/testCCompiler.c.o   -c /Users/pjtatlow/projects/bio365/graph_assembler/assemblers/SPAdes-3.9.0/build_spades/CMakeFiles/CMakeTmp/testCCompiler.c
Linking C executable cmTC_16622
/usr/local/Cellar/cmake/3.6.2/bin/cmake -E cmake_link_script CMakeFiles/cmTC_16622.dir/link.txt --verbose=1
/Applications/Xcode.app/Contents/Developer/Toolchains/XcodeDefault.xctoolchain/usr/bin/cc    -Wl,-search_paths_first -Wl,-headerpad_max_install_names   CMakeFiles/cmTC_16622.dir/testCCompiler.c.o  -o cmTC_16622  


Detecting C compiler ABI info compiled with the following output:
Change Dir: /Users/pjtatlow/projects/bio365/graph_assembler/assemblers/SPAdes-3.9.0/build_spades/CMakeFiles/CMakeTmp

Run Build Command:"/usr/bin/make" "cmTC_f8761/fast"
/Applications/Xcode.app/Contents/Developer/usr/bin/make -f CMakeFiles/cmTC_f8761.dir/build.make CMakeFiles/cmTC_f8761.dir/build
Building C object CMakeFiles/cmTC_f8761.dir/CMakeCCompilerABI.c.o
/Applications/Xcode.app/Contents/Developer/Toolchains/XcodeDefault.xctoolchain/usr/bin/cc     -o CMakeFiles/cmTC_f8761.dir/CMakeCCompilerABI.c.o   -c /usr/local/Cellar/cmake/3.6.2/share/cmake/Modules/CMakeCCompilerABI.c
Linking C executable cmTC_f8761
/usr/local/Cellar/cmake/3.6.2/bin/cmake -E cmake_link_script CMakeFiles/cmTC_f8761.dir/link.txt --verbose=1
/Applications/Xcode.app/Contents/Developer/Toolchains/XcodeDefault.xctoolchain/usr/bin/cc    -Wl,-search_paths_first -Wl,-headerpad_max_install_names  -v -Wl,-v CMakeFiles/cmTC_f8761.dir/CMakeCCompilerABI.c.o  -o cmTC_f8761   
Apple LLVM version 8.0.0 (clang-800.0.38)
Target: x86_64-apple-darwin16.0.0
Thread model: posix
InstalledDir: /Applications/Xcode.app/Contents/Developer/Toolchains/XcodeDefault.xctoolchain/usr/bin
 "/Applications/Xcode.app/Contents/Developer/Toolchains/XcodeDefault.xctoolchain/usr/bin/ld" -demangle -dynamic -arch x86_64 -macosx_version_min 10.12.0 -o cmTC_f8761 -search_paths_first -headerpad_max_install_names -v CMakeFiles/cmTC_f8761.dir/CMakeCCompilerABI.c.o -lSystem /Applications/Xcode.app/Contents/Developer/Toolchains/XcodeDefault.xctoolchain/usr/bin/../lib/clang/8.0.0/lib/darwin/libclang_rt.osx.a
@(#)PROGRAM:ld  PROJECT:ld64-274.1
configured to support archs: armv6 armv7 armv7s arm64 i386 x86_64 x86_64h armv6m armv7k armv7m armv7em (tvOS)
Library search paths:
	/usr/lib
	/usr/local/lib
Framework search paths:
	/Library/Frameworks/
	/System/Library/Frameworks/


Parsed C implicit link information from above output:
  link line regex: [^( *|.*[/\])(ld|([^/\]+-)?ld|collect2)[^/\]*( |$)]
  ignore line: [Change Dir: /Users/pjtatlow/projects/bio365/graph_assembler/assemblers/SPAdes-3.9.0/build_spades/CMakeFiles/CMakeTmp]
  ignore line: []
  ignore line: [Run Build Command:"/usr/bin/make" "cmTC_f8761/fast"]
  ignore line: [/Applications/Xcode.app/Contents/Developer/usr/bin/make -f CMakeFiles/cmTC_f8761.dir/build.make CMakeFiles/cmTC_f8761.dir/build]
  ignore line: [Building C object CMakeFiles/cmTC_f8761.dir/CMakeCCompilerABI.c.o]
  ignore line: [/Applications/Xcode.app/Contents/Developer/Toolchains/XcodeDefault.xctoolchain/usr/bin/cc     -o CMakeFiles/cmTC_f8761.dir/CMakeCCompilerABI.c.o   -c /usr/local/Cellar/cmake/3.6.2/share/cmake/Modules/CMakeCCompilerABI.c]
  ignore line: [Linking C executable cmTC_f8761]
  ignore line: [/usr/local/Cellar/cmake/3.6.2/bin/cmake -E cmake_link_script CMakeFiles/cmTC_f8761.dir/link.txt --verbose=1]
  ignore line: [/Applications/Xcode.app/Contents/Developer/Toolchains/XcodeDefault.xctoolchain/usr/bin/cc    -Wl,-search_paths_first -Wl,-headerpad_max_install_names  -v -Wl,-v CMakeFiles/cmTC_f8761.dir/CMakeCCompilerABI.c.o  -o cmTC_f8761   ]
  ignore line: [Apple LLVM version 8.0.0 (clang-800.0.38)]
  ignore line: [Target: x86_64-apple-darwin16.0.0]
  ignore line: [Thread model: posix]
  ignore line: [InstalledDir: /Applications/Xcode.app/Contents/Developer/Toolchains/XcodeDefault.xctoolchain/usr/bin]
  link line: [ "/Applications/Xcode.app/Contents/Developer/Toolchains/XcodeDefault.xctoolchain/usr/bin/ld" -demangle -dynamic -arch x86_64 -macosx_version_min 10.12.0 -o cmTC_f8761 -search_paths_first -headerpad_max_install_names -v CMakeFiles/cmTC_f8761.dir/CMakeCCompilerABI.c.o -lSystem /Applications/Xcode.app/Contents/Developer/Toolchains/XcodeDefault.xctoolchain/usr/bin/../lib/clang/8.0.0/lib/darwin/libclang_rt.osx.a]
    arg [/Applications/Xcode.app/Contents/Developer/Toolchains/XcodeDefault.xctoolchain/usr/bin/ld] ==> ignore
    arg [-demangle] ==> ignore
    arg [-dynamic] ==> ignore
    arg [-arch] ==> ignore
    arg [x86_64] ==> ignore
    arg [-macosx_version_min] ==> ignore
    arg [10.12.0] ==> ignore
    arg [-o] ==> ignore
    arg [cmTC_f8761] ==> ignore
    arg [-search_paths_first] ==> ignore
    arg [-headerpad_max_install_names] ==> ignore
    arg [-v] ==> ignore
    arg [CMakeFiles/cmTC_f8761.dir/CMakeCCompilerABI.c.o] ==> ignore
    arg [-lSystem] ==> lib [System]
    arg [/Applications/Xcode.app/Contents/Developer/Toolchains/XcodeDefault.xctoolchain/usr/bin/../lib/clang/8.0.0/lib/darwin/libclang_rt.osx.a] ==> lib [/Applications/Xcode.app/Contents/Developer/Toolchains/XcodeDefault.xctoolchain/usr/bin/../lib/clang/8.0.0/lib/darwin/libclang_rt.osx.a]
  Library search paths: [;/usr/lib;/usr/local/lib]
  Framework search paths: [;/Library/Frameworks/;/System/Library/Frameworks/]
  remove lib [System]
  collapse lib [/Applications/Xcode.app/Contents/Developer/Toolchains/XcodeDefault.xctoolchain/usr/bin/../lib/clang/8.0.0/lib/darwin/libclang_rt.osx.a] ==> [/Applications/Xcode.app/Contents/Developer/Toolchains/XcodeDefault.xctoolchain/usr/lib/clang/8.0.0/lib/darwin/libclang_rt.osx.a]
  collapse library dir [/usr/lib] ==> [/usr/lib]
  collapse library dir [/usr/local/lib] ==> [/usr/local/lib]
  collapse framework dir [/Library/Frameworks/] ==> [/Library/Frameworks]
  collapse framework dir [/System/Library/Frameworks/] ==> [/System/Library/Frameworks]
  implicit libs: [/Applications/Xcode.app/Contents/Developer/Toolchains/XcodeDefault.xctoolchain/usr/lib/clang/8.0.0/lib/darwin/libclang_rt.osx.a]
  implicit dirs: [/usr/lib;/usr/local/lib]
  implicit fwks: [/Library/Frameworks;/System/Library/Frameworks]




Detecting C [-std=c11] compiler features compiled with the following output:
Change Dir: /Users/pjtatlow/projects/bio365/graph_assembler/assemblers/SPAdes-3.9.0/build_spades/CMakeFiles/CMakeTmp

Run Build Command:"/usr/bin/make" "cmTC_ec5c3/fast"
/Applications/Xcode.app/Contents/Developer/usr/bin/make -f CMakeFiles/cmTC_ec5c3.dir/build.make CMakeFiles/cmTC_ec5c3.dir/build
Building C object CMakeFiles/cmTC_ec5c3.dir/feature_tests.c.o
/Applications/Xcode.app/Contents/Developer/Toolchains/XcodeDefault.xctoolchain/usr/bin/cc    -std=c11 -o CMakeFiles/cmTC_ec5c3.dir/feature_tests.c.o   -c /Users/pjtatlow/projects/bio365/graph_assembler/assemblers/SPAdes-3.9.0/build_spades/CMakeFiles/feature_tests.c
Linking C executable cmTC_ec5c3
/usr/local/Cellar/cmake/3.6.2/bin/cmake -E cmake_link_script CMakeFiles/cmTC_ec5c3.dir/link.txt --verbose=1
/Applications/Xcode.app/Contents/Developer/Toolchains/XcodeDefault.xctoolchain/usr/bin/cc    -Wl,-search_paths_first -Wl,-headerpad_max_install_names   CMakeFiles/cmTC_ec5c3.dir/feature_tests.c.o  -o cmTC_ec5c3  


    Feature record: C_FEATURE:1c_function_prototypes
    Feature record: C_FEATURE:1c_restrict
    Feature record: C_FEATURE:1c_static_assert
    Feature record: C_FEATURE:1c_variadic_macros


Detecting C [-std=c99] compiler features compiled with the following output:
Change Dir: /Users/pjtatlow/projects/bio365/graph_assembler/assemblers/SPAdes-3.9.0/build_spades/CMakeFiles/CMakeTmp

Run Build Command:"/usr/bin/make" "cmTC_9887c/fast"
/Applications/Xcode.app/Contents/Developer/usr/bin/make -f CMakeFiles/cmTC_9887c.dir/build.make CMakeFiles/cmTC_9887c.dir/build
Building C object CMakeFiles/cmTC_9887c.dir/feature_tests.c.o
/Applications/Xcode.app/Contents/Developer/Toolchains/XcodeDefault.xctoolchain/usr/bin/cc    -std=c99 -o CMakeFiles/cmTC_9887c.dir/feature_tests.c.o   -c /Users/pjtatlow/projects/bio365/graph_assembler/assemblers/SPAdes-3.9.0/build_spades/CMakeFiles/feature_tests.c
Linking C executable cmTC_9887c
/usr/local/Cellar/cmake/3.6.2/bin/cmake -E cmake_link_script CMakeFiles/cmTC_9887c.dir/link.txt --verbose=1
/Applications/Xcode.app/Contents/Developer/Toolchains/XcodeDefault.xctoolchain/usr/bin/cc    -Wl,-search_paths_first -Wl,-headerpad_max_install_names   CMakeFiles/cmTC_9887c.dir/feature_tests.c.o  -o cmTC_9887c  


    Feature record: C_FEATURE:1c_function_prototypes
    Feature record: C_FEATURE:1c_restrict
    Feature record: C_FEATURE:0c_static_assert
    Feature record: C_FEATURE:1c_variadic_macros


Detecting C [-std=c90] compiler features compiled with the following output:
Change Dir: /Users/pjtatlow/projects/bio365/graph_assembler/assemblers/SPAdes-3.9.0/build_spades/CMakeFiles/CMakeTmp

Run Build Command:"/usr/bin/make" "cmTC_4f354/fast"
/Applications/Xcode.app/Contents/Developer/usr/bin/make -f CMakeFiles/cmTC_4f354.dir/build.make CMakeFiles/cmTC_4f354.dir/build
Building C object CMakeFiles/cmTC_4f354.dir/feature_tests.c.o
/Applications/Xcode.app/Contents/Developer/Toolchains/XcodeDefault.xctoolchain/usr/bin/cc    -std=c90 -o CMakeFiles/cmTC_4f354.dir/feature_tests.c.o   -c /Users/pjtatlow/projects/bio365/graph_assembler/assemblers/SPAdes-3.9.0/build_spades/CMakeFiles/feature_tests.c
Linking C executable cmTC_4f354
/usr/local/Cellar/cmake/3.6.2/bin/cmake -E cmake_link_script CMakeFiles/cmTC_4f354.dir/link.txt --verbose=1
/Applications/Xcode.app/Contents/Developer/Toolchains/XcodeDefault.xctoolchain/usr/bin/cc    -Wl,-search_paths_first -Wl,-headerpad_max_install_names   CMakeFiles/cmTC_4f354.dir/feature_tests.c.o  -o cmTC_4f354  


    Feature record: C_FEATURE:1c_function_prototypes
    Feature record: C_FEATURE:0c_restrict
    Feature record: C_FEATURE:0c_static_assert
    Feature record: C_FEATURE:0c_variadic_macros
Determining if the CXX compiler works passed with the following output:
Change Dir: /Users/pjtatlow/projects/bio365/graph_assembler/assemblers/SPAdes-3.9.0/build_spades/CMakeFiles/CMakeTmp

Run Build Command:"/usr/bin/make" "cmTC_f41f1/fast"
/Applications/Xcode.app/Contents/Developer/usr/bin/make -f CMakeFiles/cmTC_f41f1.dir/build.make CMakeFiles/cmTC_f41f1.dir/build
Building CXX object CMakeFiles/cmTC_f41f1.dir/testCXXCompiler.cxx.o
/Applications/Xcode.app/Contents/Developer/Toolchains/XcodeDefault.xctoolchain/usr/bin/c++      -o CMakeFiles/cmTC_f41f1.dir/testCXXCompiler.cxx.o -c /Users/pjtatlow/projects/bio365/graph_assembler/assemblers/SPAdes-3.9.0/build_spades/CMakeFiles/CMakeTmp/testCXXCompiler.cxx
Linking CXX executable cmTC_f41f1
/usr/local/Cellar/cmake/3.6.2/bin/cmake -E cmake_link_script CMakeFiles/cmTC_f41f1.dir/link.txt --verbose=1
/Applications/Xcode.app/Contents/Developer/Toolchains/XcodeDefault.xctoolchain/usr/bin/c++     -Wl,-search_paths_first -Wl,-headerpad_max_install_names   CMakeFiles/cmTC_f41f1.dir/testCXXCompiler.cxx.o  -o cmTC_f41f1  


Detecting CXX compiler ABI info compiled with the following output:
Change Dir: /Users/pjtatlow/projects/bio365/graph_assembler/assemblers/SPAdes-3.9.0/build_spades/CMakeFiles/CMakeTmp

Run Build Command:"/usr/bin/make" "cmTC_e0d60/fast"
/Applications/Xcode.app/Contents/Developer/usr/bin/make -f CMakeFiles/cmTC_e0d60.dir/build.make CMakeFiles/cmTC_e0d60.dir/build
Building CXX object CMakeFiles/cmTC_e0d60.dir/CMakeCXXCompilerABI.cpp.o
/Applications/Xcode.app/Contents/Developer/Toolchains/XcodeDefault.xctoolchain/usr/bin/c++      -o CMakeFiles/cmTC_e0d60.dir/CMakeCXXCompilerABI.cpp.o -c /usr/local/Cellar/cmake/3.6.2/share/cmake/Modules/CMakeCXXCompilerABI.cpp
Linking CXX executable cmTC_e0d60
/usr/local/Cellar/cmake/3.6.2/bin/cmake -E cmake_link_script CMakeFiles/cmTC_e0d60.dir/link.txt --verbose=1
/Applications/Xcode.app/Contents/Developer/Toolchains/XcodeDefault.xctoolchain/usr/bin/c++     -Wl,-search_paths_first -Wl,-headerpad_max_install_names  -v -Wl,-v CMakeFiles/cmTC_e0d60.dir/CMakeCXXCompilerABI.cpp.o  -o cmTC_e0d60   
Apple LLVM version 8.0.0 (clang-800.0.38)
Target: x86_64-apple-darwin16.0.0
Thread model: posix
InstalledDir: /Applications/Xcode.app/Contents/Developer/Toolchains/XcodeDefault.xctoolchain/usr/bin
 "/Applications/Xcode.app/Contents/Developer/Toolchains/XcodeDefault.xctoolchain/usr/bin/ld" -demangle -dynamic -arch x86_64 -macosx_version_min 10.12.0 -o cmTC_e0d60 -search_paths_first -headerpad_max_install_names -v CMakeFiles/cmTC_e0d60.dir/CMakeCXXCompilerABI.cpp.o -lc++ -lSystem /Applications/Xcode.app/Contents/Developer/Toolchains/XcodeDefault.xctoolchain/usr/bin/../lib/clang/8.0.0/lib/darwin/libclang_rt.osx.a
@(#)PROGRAM:ld  PROJECT:ld64-274.1
configured to support archs: armv6 armv7 armv7s arm64 i386 x86_64 x86_64h armv6m armv7k armv7m armv7em (tvOS)
Library search paths:
	/usr/lib
	/usr/local/lib
Framework search paths:
	/Library/Frameworks/
	/System/Library/Frameworks/


Parsed CXX implicit link information from above output:
  link line regex: [^( *|.*[/\])(ld|([^/\]+-)?ld|collect2)[^/\]*( |$)]
  ignore line: [Change Dir: /Users/pjtatlow/projects/bio365/graph_assembler/assemblers/SPAdes-3.9.0/build_spades/CMakeFiles/CMakeTmp]
  ignore line: []
  ignore line: [Run Build Command:"/usr/bin/make" "cmTC_e0d60/fast"]
  ignore line: [/Applications/Xcode.app/Contents/Developer/usr/bin/make -f CMakeFiles/cmTC_e0d60.dir/build.make CMakeFiles/cmTC_e0d60.dir/build]
  ignore line: [Building CXX object CMakeFiles/cmTC_e0d60.dir/CMakeCXXCompilerABI.cpp.o]
  ignore line: [/Applications/Xcode.app/Contents/Developer/Toolchains/XcodeDefault.xctoolchain/usr/bin/c++      -o CMakeFiles/cmTC_e0d60.dir/CMakeCXXCompilerABI.cpp.o -c /usr/local/Cellar/cmake/3.6.2/share/cmake/Modules/CMakeCXXCompilerABI.cpp]
  ignore line: [Linking CXX executable cmTC_e0d60]
  ignore line: [/usr/local/Cellar/cmake/3.6.2/bin/cmake -E cmake_link_script CMakeFiles/cmTC_e0d60.dir/link.txt --verbose=1]
  ignore line: [/Applications/Xcode.app/Contents/Developer/Toolchains/XcodeDefault.xctoolchain/usr/bin/c++     -Wl,-search_paths_first -Wl,-headerpad_max_install_names  -v -Wl,-v CMakeFiles/cmTC_e0d60.dir/CMakeCXXCompilerABI.cpp.o  -o cmTC_e0d60   ]
  ignore line: [Apple LLVM version 8.0.0 (clang-800.0.38)]
  ignore line: [Target: x86_64-apple-darwin16.0.0]
  ignore line: [Thread model: posix]
  ignore line: [InstalledDir: /Applications/Xcode.app/Contents/Developer/Toolchains/XcodeDefault.xctoolchain/usr/bin]
  link line: [ "/Applications/Xcode.app/Contents/Developer/Toolchains/XcodeDefault.xctoolchain/usr/bin/ld" -demangle -dynamic -arch x86_64 -macosx_version_min 10.12.0 -o cmTC_e0d60 -search_paths_first -headerpad_max_install_names -v CMakeFiles/cmTC_e0d60.dir/CMakeCXXCompilerABI.cpp.o -lc++ -lSystem /Applications/Xcode.app/Contents/Developer/Toolchains/XcodeDefault.xctoolchain/usr/bin/../lib/clang/8.0.0/lib/darwin/libclang_rt.osx.a]
    arg [/Applications/Xcode.app/Contents/Developer/Toolchains/XcodeDefault.xctoolchain/usr/bin/ld] ==> ignore
    arg [-demangle] ==> ignore
    arg [-dynamic] ==> ignore
    arg [-arch] ==> ignore
    arg [x86_64] ==> ignore
    arg [-macosx_version_min] ==> ignore
    arg [10.12.0] ==> ignore
    arg [-o] ==> ignore
    arg [cmTC_e0d60] ==> ignore
    arg [-search_paths_first] ==> ignore
    arg [-headerpad_max_install_names] ==> ignore
    arg [-v] ==> ignore
    arg [CMakeFiles/cmTC_e0d60.dir/CMakeCXXCompilerABI.cpp.o] ==> ignore
    arg [-lc++] ==> lib [c++]
    arg [-lSystem] ==> lib [System]
    arg [/Applications/Xcode.app/Contents/Developer/Toolchains/XcodeDefault.xctoolchain/usr/bin/../lib/clang/8.0.0/lib/darwin/libclang_rt.osx.a] ==> lib [/Applications/Xcode.app/Contents/Developer/Toolchains/XcodeDefault.xctoolchain/usr/bin/../lib/clang/8.0.0/lib/darwin/libclang_rt.osx.a]
  Library search paths: [;/usr/lib;/usr/local/lib]
  Framework search paths: [;/Library/Frameworks/;/System/Library/Frameworks/]
  remove lib [System]
  collapse lib [/Applications/Xcode.app/Contents/Developer/Toolchains/XcodeDefault.xctoolchain/usr/bin/../lib/clang/8.0.0/lib/darwin/libclang_rt.osx.a] ==> [/Applications/Xcode.app/Contents/Developer/Toolchains/XcodeDefault.xctoolchain/usr/lib/clang/8.0.0/lib/darwin/libclang_rt.osx.a]
  collapse library dir [/usr/lib] ==> [/usr/lib]
  collapse library dir [/usr/local/lib] ==> [/usr/local/lib]
  collapse framework dir [/Library/Frameworks/] ==> [/Library/Frameworks]
  collapse framework dir [/System/Library/Frameworks/] ==> [/System/Library/Frameworks]
  implicit libs: [c++;/Applications/Xcode.app/Contents/Developer/Toolchains/XcodeDefault.xctoolchain/usr/lib/clang/8.0.0/lib/darwin/libclang_rt.osx.a]
  implicit dirs: [/usr/lib;/usr/local/lib]
  implicit fwks: [/Library/Frameworks;/System/Library/Frameworks]




Detecting CXX [-std=c++14] compiler features compiled with the following output:
Change Dir: /Users/pjtatlow/projects/bio365/graph_assembler/assemblers/SPAdes-3.9.0/build_spades/CMakeFiles/CMakeTmp

Run Build Command:"/usr/bin/make" "cmTC_e53f3/fast"
/Applications/Xcode.app/Contents/Developer/usr/bin/make -f CMakeFiles/cmTC_e53f3.dir/build.make CMakeFiles/cmTC_e53f3.dir/build
Building CXX object CMakeFiles/cmTC_e53f3.dir/feature_tests.cxx.o
/Applications/Xcode.app/Contents/Developer/Toolchains/XcodeDefault.xctoolchain/usr/bin/c++     -std=c++14 -o CMakeFiles/cmTC_e53f3.dir/feature_tests.cxx.o -c /Users/pjtatlow/projects/bio365/graph_assembler/assemblers/SPAdes-3.9.0/build_spades/CMakeFiles/feature_tests.cxx
Linking CXX executable cmTC_e53f3
/usr/local/Cellar/cmake/3.6.2/bin/cmake -E cmake_link_script CMakeFiles/cmTC_e53f3.dir/link.txt --verbose=1
/Applications/Xcode.app/Contents/Developer/Toolchains/XcodeDefault.xctoolchain/usr/bin/c++     -Wl,-search_paths_first -Wl,-headerpad_max_install_names   CMakeFiles/cmTC_e53f3.dir/feature_tests.cxx.o  -o cmTC_e53f3  


    Feature record: CXX_FEATURE:1cxx_aggregate_default_initializers
    Feature record: CXX_FEATURE:1cxx_alias_templates
    Feature record: CXX_FEATURE:1cxx_alignas
    Feature record: CXX_FEATURE:1cxx_alignof
    Feature record: CXX_FEATURE:1cxx_attributes
    Feature record: CXX_FEATURE:1cxx_attribute_deprecated
    Feature record: CXX_FEATURE:1cxx_auto_type
    Feature record: CXX_FEATURE:1cxx_binary_literals
    Feature record: CXX_FEATURE:1cxx_constexpr
    Feature record: CXX_FEATURE:1cxx_contextual_conversions
    Feature record: CXX_FEATURE:1cxx_decltype
    Feature record: CXX_FEATURE:1cxx_decltype_auto
    Feature record: CXX_FEATURE:1cxx_decltype_incomplete_return_types
    Feature record: CXX_FEATURE:1cxx_default_function_template_args
    Feature record: CXX_FEATURE:1cxx_defaulted_functions
    Feature record: CXX_FEATURE:1cxx_defaulted_move_initializers
    Feature record: CXX_FEATURE:1cxx_delegating_constructors
    Feature record: CXX_FEATURE:1cxx_deleted_functions
    Feature record: CXX_FEATURE:1cxx_digit_separators
    Feature record: CXX_FEATURE:1cxx_enum_forward_declarations
    Feature record: CXX_FEATURE:1cxx_explicit_conversions
    Feature record: CXX_FEATURE:1cxx_extended_friend_declarations
    Feature record: CXX_FEATURE:1cxx_extern_templates
    Feature record: CXX_FEATURE:1cxx_final
    Feature record: CXX_FEATURE:1cxx_func_identifier
    Feature record: CXX_FEATURE:1cxx_generalized_initializers
    Feature record: CXX_FEATURE:1cxx_generic_lambdas
    Feature record: CXX_FEATURE:1cxx_inheriting_constructors
    Feature record: CXX_FEATURE:1cxx_inline_namespaces
    Feature record: CXX_FEATURE:1cxx_lambdas
    Feature record: CXX_FEATURE:1cxx_lambda_init_captures
    Feature record: CXX_FEATURE:1cxx_local_type_template_args
    Feature record: CXX_FEATURE:1cxx_long_long_type
    Feature record: CXX_FEATURE:1cxx_noexcept
    Feature record: CXX_FEATURE:1cxx_nonstatic_member_init
    Feature record: CXX_FEATURE:1cxx_nullptr
    Feature record: CXX_FEATURE:1cxx_override
    Feature record: CXX_FEATURE:1cxx_range_for
    Feature record: CXX_FEATURE:1cxx_raw_string_literals
    Feature record: CXX_FEATURE:1cxx_reference_qualified_functions
    Feature record: CXX_FEATURE:1cxx_relaxed_constexpr
    Feature record: CXX_FEATURE:1cxx_return_type_deduction
    Feature record: CXX_FEATURE:1cxx_right_angle_brackets
    Feature record: CXX_FEATURE:1cxx_rvalue_references
    Feature record: CXX_FEATURE:1cxx_sizeof_member
    Feature record: CXX_FEATURE:1cxx_static_assert
    Feature record: CXX_FEATURE:1cxx_strong_enums
    Feature record: CXX_FEATURE:1cxx_template_template_parameters
    Feature record: CXX_FEATURE:1cxx_thread_local
    Feature record: CXX_FEATURE:1cxx_trailing_return_types
    Feature record: CXX_FEATURE:1cxx_unicode_literals
    Feature record: CXX_FEATURE:1cxx_uniform_initialization
    Feature record: CXX_FEATURE:1cxx_unrestricted_unions
    Feature record: CXX_FEATURE:1cxx_user_literals
    Feature record: CXX_FEATURE:1cxx_variable_templates
    Feature record: CXX_FEATURE:1cxx_variadic_macros
    Feature record: CXX_FEATURE:1cxx_variadic_templates


Detecting CXX [-std=c++11] compiler features compiled with the following output:
Change Dir: /Users/pjtatlow/projects/bio365/graph_assembler/assemblers/SPAdes-3.9.0/build_spades/CMakeFiles/CMakeTmp

Run Build Command:"/usr/bin/make" "cmTC_97926/fast"
/Applications/Xcode.app/Contents/Developer/usr/bin/make -f CMakeFiles/cmTC_97926.dir/build.make CMakeFiles/cmTC_97926.dir/build
Building CXX object CMakeFiles/cmTC_97926.dir/feature_tests.cxx.o
/Applications/Xcode.app/Contents/Developer/Toolchains/XcodeDefault.xctoolchain/usr/bin/c++     -std=c++11 -o CMakeFiles/cmTC_97926.dir/feature_tests.cxx.o -c /Users/pjtatlow/projects/bio365/graph_assembler/assemblers/SPAdes-3.9.0/build_spades/CMakeFiles/feature_tests.cxx
Linking CXX executable cmTC_97926
/usr/local/Cellar/cmake/3.6.2/bin/cmake -E cmake_link_script CMakeFiles/cmTC_97926.dir/link.txt --verbose=1
/Applications/Xcode.app/Contents/Developer/Toolchains/XcodeDefault.xctoolchain/usr/bin/c++     -Wl,-search_paths_first -Wl,-headerpad_max_install_names   CMakeFiles/cmTC_97926.dir/feature_tests.cxx.o  -o cmTC_97926  


    Feature record: CXX_FEATURE:0cxx_aggregate_default_initializers
    Feature record: CXX_FEATURE:1cxx_alias_templates
    Feature record: CXX_FEATURE:1cxx_alignas
    Feature record: CXX_FEATURE:1cxx_alignof
    Feature record: CXX_FEATURE:1cxx_attributes
    Feature record: CXX_FEATURE:0cxx_attribute_deprecated
    Feature record: CXX_FEATURE:1cxx_auto_type
    Feature record: CXX_FEATURE:0cxx_binary_literals
    Feature record: CXX_FEATURE:1cxx_constexpr
    Feature record: CXX_FEATURE:0cxx_contextual_conversions
    Feature record: CXX_FEATURE:1cxx_decltype
    Feature record: CXX_FEATURE:0cxx_decltype_auto
    Feature record: CXX_FEATURE:1cxx_decltype_incomplete_return_types
    Feature record: CXX_FEATURE:1cxx_default_function_template_args
    Feature record: CXX_FEATURE:1cxx_defaulted_functions
    Feature record: CXX_FEATURE:1cxx_defaulted_move_initializers
    Feature record: CXX_FEATURE:1cxx_delegating_constructors
    Feature record: CXX_FEATURE:1cxx_deleted_functions
    Feature record: CXX_FEATURE:0cxx_digit_separators
    Feature record: CXX_FEATURE:1cxx_enum_forward_declarations
    Feature record: CXX_FEATURE:1cxx_explicit_conversions
    Feature record: CXX_FEATURE:1cxx_extended_friend_declarations
    Feature record: CXX_FEATURE:1cxx_extern_templates
    Feature record: CXX_FEATURE:1cxx_final
    Feature record: CXX_FEATURE:1cxx_func_identifier
    Feature record: CXX_FEATURE:1cxx_generalized_initializers
    Feature record: CXX_FEATURE:0cxx_generic_lambdas
    Feature record: CXX_FEATURE:1cxx_inheriting_constructors
    Feature record: CXX_FEATURE:1cxx_inline_namespaces
    Feature record: CXX_FEATURE:1cxx_lambdas
    Feature record: CXX_FEATURE:0cxx_lambda_init_captures
    Feature record: CXX_FEATURE:1cxx_local_type_template_args
    Feature record: CXX_FEATURE:1cxx_long_long_type
    Feature record: CXX_FEATURE:1cxx_noexcept
    Feature record: CXX_FEATURE:1cxx_nonstatic_member_init
    Feature record: CXX_FEATURE:1cxx_nullptr
    Feature record: CXX_FEATURE:1cxx_override
    Feature record: CXX_FEATURE:1cxx_range_for
    Feature record: CXX_FEATURE:1cxx_raw_string_literals
    Feature record: CXX_FEATURE:1cxx_reference_qualified_functions
    Feature record: CXX_FEATURE:0cxx_relaxed_constexpr
    Feature record: CXX_FEATURE:0cxx_return_type_deduction
    Feature record: CXX_FEATURE:1cxx_right_angle_brackets
    Feature record: CXX_FEATURE:1cxx_rvalue_references
    Feature record: CXX_FEATURE:1cxx_sizeof_member
    Feature record: CXX_FEATURE:1cxx_static_assert
    Feature record: CXX_FEATURE:1cxx_strong_enums
    Feature record: CXX_FEATURE:1cxx_template_template_parameters
    Feature record: CXX_FEATURE:1cxx_thread_local
    Feature record: CXX_FEATURE:1cxx_trailing_return_types
    Feature record: CXX_FEATURE:1cxx_unicode_literals
    Feature record: CXX_FEATURE:1cxx_uniform_initialization
    Feature record: CXX_FEATURE:1cxx_unrestricted_unions
    Feature record: CXX_FEATURE:1cxx_user_literals
    Feature record: CXX_FEATURE:0cxx_variable_templates
    Feature record: CXX_FEATURE:1cxx_variadic_macros
    Feature record: CXX_FEATURE:1cxx_variadic_templates


Detecting CXX [-std=c++98] compiler features compiled with the following output:
Change Dir: /Users/pjtatlow/projects/bio365/graph_assembler/assemblers/SPAdes-3.9.0/build_spades/CMakeFiles/CMakeTmp

Run Build Command:"/usr/bin/make" "cmTC_f0694/fast"
/Applications/Xcode.app/Contents/Developer/usr/bin/make -f CMakeFiles/cmTC_f0694.dir/build.make CMakeFiles/cmTC_f0694.dir/build
Building CXX object CMakeFiles/cmTC_f0694.dir/feature_tests.cxx.o
/Applications/Xcode.app/Contents/Developer/Toolchains/XcodeDefault.xctoolchain/usr/bin/c++     -std=c++98 -o CMakeFiles/cmTC_f0694.dir/feature_tests.cxx.o -c /Users/pjtatlow/projects/bio365/graph_assembler/assemblers/SPAdes-3.9.0/build_spades/CMakeFiles/feature_tests.cxx
Linking CXX executable cmTC_f0694
/usr/local/Cellar/cmake/3.6.2/bin/cmake -E cmake_link_script CMakeFiles/cmTC_f0694.dir/link.txt --verbose=1
/Applications/Xcode.app/Contents/Developer/Toolchains/XcodeDefault.xctoolchain/usr/bin/c++     -Wl,-search_paths_first -Wl,-headerpad_max_install_names   CMakeFiles/cmTC_f0694.dir/feature_tests.cxx.o  -o cmTC_f0694  


    Feature record: CXX_FEATURE:0cxx_aggregate_default_initializers
    Feature record: CXX_FEATURE:0cxx_alias_templates
    Feature record: CXX_FEATURE:0cxx_alignas
    Feature record: CXX_FEATURE:0cxx_alignof
    Feature record: CXX_FEATURE:0cxx_attributes
    Feature record: CXX_FEATURE:0cxx_attribute_deprecated
    Feature record: CXX_FEATURE:0cxx_auto_type
    Feature record: CXX_FEATURE:0cxx_binary_literals
    Feature record: CXX_FEATURE:0cxx_constexpr
    Feature record: CXX_FEATURE:0cxx_contextual_conversions
    Feature record: CXX_FEATURE:0cxx_decltype
    Feature record: CXX_FEATURE:0cxx_decltype_auto
    Feature record: CXX_FEATURE:0cxx_decltype_incomplete_return_types
    Feature record: CXX_FEATURE:0cxx_default_function_template_args
    Feature record: CXX_FEATURE:0cxx_defaulted_functions
    Feature record: CXX_FEATURE:0cxx_defaulted_move_initializers
    Feature record: CXX_FEATURE:0cxx_delegating_constructors
    Feature record: CXX_FEATURE:0cxx_deleted_functions
    Feature record: CXX_FEATURE:0cxx_digit_separators
    Feature record: CXX_FEATURE:0cxx_enum_forward_declarations
    Feature record: CXX_FEATURE:0cxx_explicit_conversions
    Feature record: CXX_FEATURE:0cxx_extended_friend_declarations
    Feature record: CXX_FEATURE:0cxx_extern_templates
    Feature record: CXX_FEATURE:0cxx_final
    Feature record: CXX_FEATURE:0cxx_func_identifier
    Feature record: CXX_FEATURE:0cxx_generalized_initializers
    Feature record: CXX_FEATURE:0cxx_generic_lambdas
    Feature record: CXX_FEATURE:0cxx_inheriting_constructors
    Feature record: CXX_FEATURE:0cxx_inline_namespaces
    Feature record: CXX_FEATURE:0cxx_lambdas
    Feature record: CXX_FEATURE:0cxx_lambda_init_captures
    Feature record: CXX_FEATURE:0cxx_local_type_template_args
    Feature record: CXX_FEATURE:0cxx_long_long_type
    Feature record: CXX_FEATURE:0cxx_noexcept
    Feature record: CXX_FEATURE:0cxx_nonstatic_member_init
    Feature record: CXX_FEATURE:0cxx_nullptr
    Feature record: CXX_FEATURE:0cxx_override
    Feature record: CXX_FEATURE:0cxx_range_for
    Feature record: CXX_FEATURE:0cxx_raw_string_literals
    Feature record: CXX_FEATURE:0cxx_reference_qualified_functions
    Feature record: CXX_FEATURE:0cxx_relaxed_constexpr
    Feature record: CXX_FEATURE:0cxx_return_type_deduction
    Feature record: CXX_FEATURE:0cxx_right_angle_brackets
    Feature record: CXX_FEATURE:0cxx_rvalue_references
    Feature record: CXX_FEATURE:0cxx_sizeof_member
    Feature record: CXX_FEATURE:0cxx_static_assert
    Feature record: CXX_FEATURE:0cxx_strong_enums
    Feature record: CXX_FEATURE:1cxx_template_template_parameters
    Feature record: CXX_FEATURE:0cxx_thread_local
    Feature record: CXX_FEATURE:0cxx_trailing_return_types
    Feature record: CXX_FEATURE:0cxx_unicode_literals
    Feature record: CXX_FEATURE:0cxx_uniform_initialization
    Feature record: CXX_FEATURE:0cxx_unrestricted_unions
    Feature record: CXX_FEATURE:0cxx_user_literals
    Feature record: CXX_FEATURE:0cxx_variable_templates
    Feature record: CXX_FEATURE:0cxx_variadic_macros
    Feature record: CXX_FEATURE:0cxx_variadic_templates
Determining if the BZ2_bzCompressInit exist passed with the following output:
Change Dir: /Users/pjtatlow/projects/bio365/graph_assembler/assemblers/SPAdes-3.9.0/build_spades/CMakeFiles/CMakeTmp

Run Build Command:"/usr/bin/make" "cmTC_2f287/fast"
/Applications/Xcode.app/Contents/Developer/usr/bin/make -f CMakeFiles/cmTC_2f287.dir/build.make CMakeFiles/cmTC_2f287.dir/build
Building C object CMakeFiles/cmTC_2f287.dir/CheckSymbolExists.c.o
/Applications/Xcode.app/Contents/Developer/Toolchains/XcodeDefault.xctoolchain/usr/bin/cc     -o CMakeFiles/cmTC_2f287.dir/CheckSymbolExists.c.o   -c /Users/pjtatlow/projects/bio365/graph_assembler/assemblers/SPAdes-3.9.0/build_spades/CMakeFiles/CMakeTmp/CheckSymbolExists.c
Linking C executable cmTC_2f287
/usr/local/Cellar/cmake/3.6.2/bin/cmake -E cmake_link_script CMakeFiles/cmTC_2f287.dir/link.txt --verbose=1
/Applications/Xcode.app/Contents/Developer/Toolchains/XcodeDefault.xctoolchain/usr/bin/cc    -Wl,-search_paths_first -Wl,-headerpad_max_install_names   CMakeFiles/cmTC_2f287.dir/CheckSymbolExists.c.o  -o cmTC_2f287  /usr/lib/libbz2.dylib 

File /Users/pjtatlow/projects/bio365/graph_assembler/assemblers/SPAdes-3.9.0/build_spades/CMakeFiles/CMakeTmp/CheckSymbolExists.c:
/* */
#include <bzlib.h>

int main(int argc, char** argv)
{
  (void)argv;
#ifndef BZ2_bzCompressInit
  return ((int*)(&BZ2_bzCompressInit))[argc];
#else
  (void)argc;
  return 0;
#endif
}

Determining if the function wsyncup exists in the /usr/lib/libncurses.dylib passed with the following output:
Change Dir: /Users/pjtatlow/projects/bio365/graph_assembler/assemblers/SPAdes-3.9.0/build_spades/CMakeFiles/CMakeTmp

Run Build Command:"/usr/bin/make" "cmTC_07768/fast"
/Applications/Xcode.app/Contents/Developer/usr/bin/make -f CMakeFiles/cmTC_07768.dir/build.make CMakeFiles/cmTC_07768.dir/build
Building C object CMakeFiles/cmTC_07768.dir/CheckFunctionExists.c.o
/Applications/Xcode.app/Contents/Developer/Toolchains/XcodeDefault.xctoolchain/usr/bin/cc    -DCHECK_FUNCTION_EXISTS=wsyncup   -o CMakeFiles/cmTC_07768.dir/CheckFunctionExists.c.o   -c /usr/local/Cellar/cmake/3.6.2/share/cmake/Modules/CheckFunctionExists.c
Linking C executable cmTC_07768
/usr/local/Cellar/cmake/3.6.2/bin/cmake -E cmake_link_script CMakeFiles/cmTC_07768.dir/link.txt --verbose=1
/Applications/Xcode.app/Contents/Developer/Toolchains/XcodeDefault.xctoolchain/usr/bin/cc   -DCHECK_FUNCTION_EXISTS=wsyncup -Wl,-search_paths_first -Wl,-headerpad_max_install_names   CMakeFiles/cmTC_07768.dir/CheckFunctionExists.c.o  -o cmTC_07768  /usr/lib/libncurses.dylib 


Determining if the function wsyncup exists in the /usr/lib/libcurses.dylib passed with the following output:
Change Dir: /Users/pjtatlow/projects/bio365/graph_assembler/assemblers/SPAdes-3.9.0/build_spades/CMakeFiles/CMakeTmp

Run Build Command:"/usr/bin/make" "cmTC_69da5/fast"
/Applications/Xcode.app/Contents/Developer/usr/bin/make -f CMakeFiles/cmTC_69da5.dir/build.make CMakeFiles/cmTC_69da5.dir/build
Building C object CMakeFiles/cmTC_69da5.dir/CheckFunctionExists.c.o
/Applications/Xcode.app/Contents/Developer/Toolchains/XcodeDefault.xctoolchain/usr/bin/cc    -DCHECK_FUNCTION_EXISTS=wsyncup   -o CMakeFiles/cmTC_69da5.dir/CheckFunctionExists.c.o   -c /usr/local/Cellar/cmake/3.6.2/share/cmake/Modules/CheckFunctionExists.c
Linking C executable cmTC_69da5
/usr/local/Cellar/cmake/3.6.2/bin/cmake -E cmake_link_script CMakeFiles/cmTC_69da5.dir/link.txt --verbose=1
/Applications/Xcode.app/Contents/Developer/Toolchains/XcodeDefault.xctoolchain/usr/bin/cc   -DCHECK_FUNCTION_EXISTS=wsyncup -Wl,-search_paths_first -Wl,-headerpad_max_install_names   CMakeFiles/cmTC_69da5.dir/CheckFunctionExists.c.o  -o cmTC_69da5  /usr/lib/libcurses.dylib 


Determining if files sys/cdefs.h exist passed with the following output:
Change Dir: /Users/pjtatlow/projects/bio365/graph_assembler/assemblers/SPAdes-3.9.0/build_spades/CMakeFiles/CMakeTmp

Run Build Command:"/usr/bin/make" "cmTC_b3b44/fast"
/Applications/Xcode.app/Contents/Developer/usr/bin/make -f CMakeFiles/cmTC_b3b44.dir/build.make CMakeFiles/cmTC_b3b44.dir/build
Building C object CMakeFiles/cmTC_b3b44.dir/CheckIncludeFiles.c.o
/Applications/Xcode.app/Contents/Developer/Toolchains/XcodeDefault.xctoolchain/usr/bin/cc     -o CMakeFiles/cmTC_b3b44.dir/CheckIncludeFiles.c.o   -c /Users/pjtatlow/projects/bio365/graph_assembler/assemblers/SPAdes-3.9.0/build_spades/CMakeFiles/CMakeTmp/CheckIncludeFiles.c
Linking C executable cmTC_b3b44
/usr/local/Cellar/cmake/3.6.2/bin/cmake -E cmake_link_script CMakeFiles/cmTC_b3b44.dir/link.txt --verbose=1
/Applications/Xcode.app/Contents/Developer/Toolchains/XcodeDefault.xctoolchain/usr/bin/cc    -Wl,-search_paths_first -Wl,-headerpad_max_install_names   CMakeFiles/cmTC_b3b44.dir/CheckIncludeFiles.c.o  -o cmTC_b3b44  


Determining if the OSAtomicAdd64 exist passed with the following output:
Change Dir: /Users/pjtatlow/projects/bio365/graph_assembler/assemblers/SPAdes-3.9.0/build_spades/CMakeFiles/CMakeTmp

Run Build Command:"/usr/bin/make" "cmTC_7c966/fast"
/Applications/Xcode.app/Contents/Developer/usr/bin/make -f CMakeFiles/cmTC_7c966.dir/build.make CMakeFiles/cmTC_7c966.dir/build
Building C object CMakeFiles/cmTC_7c966.dir/CheckSymbolExists.c.o
/Applications/Xcode.app/Contents/Developer/Toolchains/XcodeDefault.xctoolchain/usr/bin/cc     -o CMakeFiles/cmTC_7c966.dir/CheckSymbolExists.c.o   -c /Users/pjtatlow/projects/bio365/graph_assembler/assemblers/SPAdes-3.9.0/build_spades/CMakeFiles/CMakeTmp/CheckSymbolExists.c
/Users/pjtatlow/projects/bio365/graph_assembler/assemblers/SPAdes-3.9.0/build_spades/CMakeFiles/CMakeTmp/CheckSymbolExists.c:9:19: warning: 'OSAtomicAdd64' is deprecated: first deprecated in macOS 10.12 - Use atomic_fetch_add_explicit(memory_order_relaxed) from <stdatomic.h> instead [-Wdeprecated-declarations]
  return ((int*)(&OSAtomicAdd64))[argc];
                  ^
/usr/include/libkern/OSAtomicDeprecated.h:231:9: note: 'OSAtomicAdd64' has been explicitly marked deprecated here
int64_t OSAtomicAdd64( int64_t __theAmount,
        ^
1 warning generated.
Linking C executable cmTC_7c966
/usr/local/Cellar/cmake/3.6.2/bin/cmake -E cmake_link_script CMakeFiles/cmTC_7c966.dir/link.txt --verbose=1
/Applications/Xcode.app/Contents/Developer/Toolchains/XcodeDefault.xctoolchain/usr/bin/cc    -Wl,-search_paths_first -Wl,-headerpad_max_install_names   CMakeFiles/cmTC_7c966.dir/CheckSymbolExists.c.o  -o cmTC_7c966  

File /Users/pjtatlow/projects/bio365/graph_assembler/assemblers/SPAdes-3.9.0/build_spades/CMakeFiles/CMakeTmp/CheckSymbolExists.c:
/* */
#include <libkern/OSAtomic.h>
#include <inttypes.h>

int main(int argc, char** argv)
{
  (void)argv;
#ifndef OSAtomicAdd64
  return ((int*)(&OSAtomicAdd64))[argc];
#else
  (void)argc;
  return 0;
#endif
}

Determining if the OSSpinLockLock exist passed with the following output:
Change Dir: /Users/pjtatlow/projects/bio365/graph_assembler/assemblers/SPAdes-3.9.0/build_spades/CMakeFiles/CMakeTmp

Run Build Command:"/usr/bin/make" "cmTC_71024/fast"
/Applications/Xcode.app/Contents/Developer/usr/bin/make -f CMakeFiles/cmTC_71024.dir/build.make CMakeFiles/cmTC_71024.dir/build
Building C object CMakeFiles/cmTC_71024.dir/CheckSymbolExists.c.o
/Applications/Xcode.app/Contents/Developer/Toolchains/XcodeDefault.xctoolchain/usr/bin/cc     -o CMakeFiles/cmTC_71024.dir/CheckSymbolExists.c.o   -c /Users/pjtatlow/projects/bio365/graph_assembler/assemblers/SPAdes-3.9.0/build_spades/CMakeFiles/CMakeTmp/CheckSymbolExists.c
/Users/pjtatlow/projects/bio365/graph_assembler/assemblers/SPAdes-3.9.0/build_spades/CMakeFiles/CMakeTmp/CheckSymbolExists.c:9:19: warning: 'OSSpinLockLock' is deprecated: first deprecated in macOS 10.12 - Use os_unfair_lock_lock() from <os/lock.h> instead [-Wdeprecated-declarations]
  return ((int*)(&OSSpinLockLock))[argc];
                  ^
/usr/include/libkern/OSSpinLockDeprecated.h:99:9: note: 'OSSpinLockLock' has been explicitly marked deprecated here
void    OSSpinLockLock( volatile OSSpinLock *__lock );
        ^
1 warning generated.
Linking C executable cmTC_71024
/usr/local/Cellar/cmake/3.6.2/bin/cmake -E cmake_link_script CMakeFiles/cmTC_71024.dir/link.txt --verbose=1
/Applications/Xcode.app/Contents/Developer/Toolchains/XcodeDefault.xctoolchain/usr/bin/cc    -Wl,-search_paths_first -Wl,-headerpad_max_install_names   CMakeFiles/cmTC_71024.dir/CheckSymbolExists.c.o  -o cmTC_71024  

File /Users/pjtatlow/projects/bio365/graph_assembler/assemblers/SPAdes-3.9.0/build_spades/CMakeFiles/CMakeTmp/CheckSymbolExists.c:
/* */
#include <libkern/OSAtomic.h>
#include <inttypes.h>

int main(int argc, char** argv)
{
  (void)argv;
#ifndef OSSpinLockLock
  return ((int*)(&OSSpinLockLock))[argc];
#else
  (void)argc;
  return 0;
#endif
}

Determining if the function sbrk exists passed with the following output:
Change Dir: /Users/pjtatlow/projects/bio365/graph_assembler/assemblers/SPAdes-3.9.0/build_spades/CMakeFiles/CMakeTmp

Run Build Command:"/usr/bin/make" "cmTC_237ed/fast"
/Applications/Xcode.app/Contents/Developer/usr/bin/make -f CMakeFiles/cmTC_237ed.dir/build.make CMakeFiles/cmTC_237ed.dir/build
Building C object CMakeFiles/cmTC_237ed.dir/CheckFunctionExists.c.o
/Applications/Xcode.app/Contents/Developer/Toolchains/XcodeDefault.xctoolchain/usr/bin/cc    -DCHECK_FUNCTION_EXISTS=sbrk   -o CMakeFiles/cmTC_237ed.dir/CheckFunctionExists.c.o   -c /usr/local/Cellar/cmake/3.6.2/share/cmake/Modules/CheckFunctionExists.c
Linking C executable cmTC_237ed
/usr/local/Cellar/cmake/3.6.2/bin/cmake -E cmake_link_script CMakeFiles/cmTC_237ed.dir/link.txt --verbose=1
/Applications/Xcode.app/Contents/Developer/Toolchains/XcodeDefault.xctoolchain/usr/bin/cc   -DCHECK_FUNCTION_EXISTS=sbrk -Wl,-search_paths_first -Wl,-headerpad_max_install_names   CMakeFiles/cmTC_237ed.dir/CheckFunctionExists.c.o  -o cmTC_237ed  


Performing C SOURCE FILE Test JEMALLOC_TLS_MODEL_SUPPORTED succeeded with the following output:
Change Dir: /Users/pjtatlow/projects/bio365/graph_assembler/assemblers/SPAdes-3.9.0/build_spades/CMakeFiles/CMakeTmp

Run Build Command:"/usr/bin/make" "cmTC_3cd80/fast"
/Applications/Xcode.app/Contents/Developer/usr/bin/make -f CMakeFiles/cmTC_3cd80.dir/build.make CMakeFiles/cmTC_3cd80.dir/build
Building C object CMakeFiles/cmTC_3cd80.dir/src.c.o
/Applications/Xcode.app/Contents/Developer/Toolchains/XcodeDefault.xctoolchain/usr/bin/cc    -DJEMALLOC_TLS_MODEL_SUPPORTED -Werror   -o CMakeFiles/cmTC_3cd80.dir/src.c.o   -c /Users/pjtatlow/projects/bio365/graph_assembler/assemblers/SPAdes-3.9.0/build_spades/CMakeFiles/CMakeTmp/src.c
Linking C executable cmTC_3cd80
/usr/local/Cellar/cmake/3.6.2/bin/cmake -E cmake_link_script CMakeFiles/cmTC_3cd80.dir/link.txt --verbose=1
/Applications/Xcode.app/Contents/Developer/Toolchains/XcodeDefault.xctoolchain/usr/bin/cc   -DJEMALLOC_TLS_MODEL_SUPPORTED -Werror -Wl,-search_paths_first -Wl,-headerpad_max_install_names   CMakeFiles/cmTC_3cd80.dir/src.c.o  -o cmTC_3cd80  

Source file was:
static __thread int
__attribute__((tls_model("initial-exec"))) foo = 0; int main(void) { return 0; }
Determining if the include file sys/types.h exists passed with the following output:
Change Dir: /Users/pjtatlow/projects/bio365/graph_assembler/assemblers/SPAdes-3.9.0/build_spades/CMakeFiles/CMakeTmp

Run Build Command:"/usr/bin/make" "cmTC_996c4/fast"
/Applications/Xcode.app/Contents/Developer/usr/bin/make -f CMakeFiles/cmTC_996c4.dir/build.make CMakeFiles/cmTC_996c4.dir/build
Building C object CMakeFiles/cmTC_996c4.dir/CheckIncludeFile.c.o
/Applications/Xcode.app/Contents/Developer/Toolchains/XcodeDefault.xctoolchain/usr/bin/cc     -o CMakeFiles/cmTC_996c4.dir/CheckIncludeFile.c.o   -c /Users/pjtatlow/projects/bio365/graph_assembler/assemblers/SPAdes-3.9.0/build_spades/CMakeFiles/CMakeTmp/CheckIncludeFile.c
Linking C executable cmTC_996c4
/usr/local/Cellar/cmake/3.6.2/bin/cmake -E cmake_link_script CMakeFiles/cmTC_996c4.dir/link.txt --verbose=1
/Applications/Xcode.app/Contents/Developer/Toolchains/XcodeDefault.xctoolchain/usr/bin/cc    -Wl,-search_paths_first -Wl,-headerpad_max_install_names   CMakeFiles/cmTC_996c4.dir/CheckIncludeFile.c.o  -o cmTC_996c4  


Determining if the include file stdint.h exists passed with the following output:
Change Dir: /Users/pjtatlow/projects/bio365/graph_assembler/assemblers/SPAdes-3.9.0/build_spades/CMakeFiles/CMakeTmp

Run Build Command:"/usr/bin/make" "cmTC_d50b5/fast"
/Applications/Xcode.app/Contents/Developer/usr/bin/make -f CMakeFiles/cmTC_d50b5.dir/build.make CMakeFiles/cmTC_d50b5.dir/build
Building C object CMakeFiles/cmTC_d50b5.dir/CheckIncludeFile.c.o
/Applications/Xcode.app/Contents/Developer/Toolchains/XcodeDefault.xctoolchain/usr/bin/cc     -o CMakeFiles/cmTC_d50b5.dir/CheckIncludeFile.c.o   -c /Users/pjtatlow/projects/bio365/graph_assembler/assemblers/SPAdes-3.9.0/build_spades/CMakeFiles/CMakeTmp/CheckIncludeFile.c
Linking C executable cmTC_d50b5
/usr/local/Cellar/cmake/3.6.2/bin/cmake -E cmake_link_script CMakeFiles/cmTC_d50b5.dir/link.txt --verbose=1
/Applications/Xcode.app/Contents/Developer/Toolchains/XcodeDefault.xctoolchain/usr/bin/cc    -Wl,-search_paths_first -Wl,-headerpad_max_install_names   CMakeFiles/cmTC_d50b5.dir/CheckIncludeFile.c.o  -o cmTC_d50b5  


Determining if the include file stddef.h exists passed with the following output:
Change Dir: /Users/pjtatlow/projects/bio365/graph_assembler/assemblers/SPAdes-3.9.0/build_spades/CMakeFiles/CMakeTmp

Run Build Command:"/usr/bin/make" "cmTC_03122/fast"
/Applications/Xcode.app/Contents/Developer/usr/bin/make -f CMakeFiles/cmTC_03122.dir/build.make CMakeFiles/cmTC_03122.dir/build
Building C object CMakeFiles/cmTC_03122.dir/CheckIncludeFile.c.o
/Applications/Xcode.app/Contents/Developer/Toolchains/XcodeDefault.xctoolchain/usr/bin/cc     -o CMakeFiles/cmTC_03122.dir/CheckIncludeFile.c.o   -c /Users/pjtatlow/projects/bio365/graph_assembler/assemblers/SPAdes-3.9.0/build_spades/CMakeFiles/CMakeTmp/CheckIncludeFile.c
Linking C executable cmTC_03122
/usr/local/Cellar/cmake/3.6.2/bin/cmake -E cmake_link_script CMakeFiles/cmTC_03122.dir/link.txt --verbose=1
/Applications/Xcode.app/Contents/Developer/Toolchains/XcodeDefault.xctoolchain/usr/bin/cc    -Wl,-search_paths_first -Wl,-headerpad_max_install_names   CMakeFiles/cmTC_03122.dir/CheckIncludeFile.c.o  -o cmTC_03122  


Determining size of void* passed with the following output:
Change Dir: /Users/pjtatlow/projects/bio365/graph_assembler/assemblers/SPAdes-3.9.0/build_spades/CMakeFiles/CMakeTmp

Run Build Command:"/usr/bin/make" "cmTC_a0808/fast"
/Applications/Xcode.app/Contents/Developer/usr/bin/make -f CMakeFiles/cmTC_a0808.dir/build.make CMakeFiles/cmTC_a0808.dir/build
Building C object CMakeFiles/cmTC_a0808.dir/JEMALLOC_SIZEOF_PTR.c.o
/Applications/Xcode.app/Contents/Developer/Toolchains/XcodeDefault.xctoolchain/usr/bin/cc     -o CMakeFiles/cmTC_a0808.dir/JEMALLOC_SIZEOF_PTR.c.o   -c /Users/pjtatlow/projects/bio365/graph_assembler/assemblers/SPAdes-3.9.0/build_spades/CMakeFiles/CheckTypeSize/JEMALLOC_SIZEOF_PTR.c
Linking C executable cmTC_a0808
/usr/local/Cellar/cmake/3.6.2/bin/cmake -E cmake_link_script CMakeFiles/cmTC_a0808.dir/link.txt --verbose=1
/Applications/Xcode.app/Contents/Developer/Toolchains/XcodeDefault.xctoolchain/usr/bin/cc    -Wl,-search_paths_first -Wl,-headerpad_max_install_names   CMakeFiles/cmTC_a0808.dir/JEMALLOC_SIZEOF_PTR.c.o  -o cmTC_a0808  


Determining size of malloc_zone_t passed with the following output:
Change Dir: /Users/pjtatlow/projects/bio365/graph_assembler/assemblers/SPAdes-3.9.0/build_spades/CMakeFiles/CMakeTmp

Run Build Command:"/usr/bin/make" "cmTC_0f7ee/fast"
/Applications/Xcode.app/Contents/Developer/usr/bin/make -f CMakeFiles/cmTC_0f7ee.dir/build.make CMakeFiles/cmTC_0f7ee.dir/build
Building C object CMakeFiles/cmTC_0f7ee.dir/JEMALLOC_MZONE_SIZE.c.o
/Applications/Xcode.app/Contents/Developer/Toolchains/XcodeDefault.xctoolchain/usr/bin/cc     -o CMakeFiles/cmTC_0f7ee.dir/JEMALLOC_MZONE_SIZE.c.o   -c /Users/pjtatlow/projects/bio365/graph_assembler/assemblers/SPAdes-3.9.0/build_spades/CMakeFiles/CheckTypeSize/JEMALLOC_MZONE_SIZE.c
Linking C executable cmTC_0f7ee
/usr/local/Cellar/cmake/3.6.2/bin/cmake -E cmake_link_script CMakeFiles/cmTC_0f7ee.dir/link.txt --verbose=1
/Applications/Xcode.app/Contents/Developer/Toolchains/XcodeDefault.xctoolchain/usr/bin/cc    -Wl,-search_paths_first -Wl,-headerpad_max_install_names   CMakeFiles/cmTC_0f7ee.dir/JEMALLOC_MZONE_SIZE.c.o  -o cmTC_0f7ee  


Determining size of malloc_introspection_t passed with the following output:
Change Dir: /Users/pjtatlow/projects/bio365/graph_assembler/assemblers/SPAdes-3.9.0/build_spades/CMakeFiles/CMakeTmp

Run Build Command:"/usr/bin/make" "cmTC_9a4f2/fast"
/Applications/Xcode.app/Contents/Developer/usr/bin/make -f CMakeFiles/cmTC_9a4f2.dir/build.make CMakeFiles/cmTC_9a4f2.dir/build
Building C object CMakeFiles/cmTC_9a4f2.dir/JEMALLOC_MINT_SIZE.c.o
/Applications/Xcode.app/Contents/Developer/Toolchains/XcodeDefault.xctoolchain/usr/bin/cc     -o CMakeFiles/cmTC_9a4f2.dir/JEMALLOC_MINT_SIZE.c.o   -c /Users/pjtatlow/projects/bio365/graph_assembler/assemblers/SPAdes-3.9.0/build_spades/CMakeFiles/CheckTypeSize/JEMALLOC_MINT_SIZE.c
Linking C executable cmTC_9a4f2
/usr/local/Cellar/cmake/3.6.2/bin/cmake -E cmake_link_script CMakeFiles/cmTC_9a4f2.dir/link.txt --verbose=1
/Applications/Xcode.app/Contents/Developer/Toolchains/XcodeDefault.xctoolchain/usr/bin/cc    -Wl,-search_paths_first -Wl,-headerpad_max_install_names   CMakeFiles/cmTC_9a4f2.dir/JEMALLOC_MINT_SIZE.c.o  -o cmTC_9a4f2  


Determining if the function valloc exists passed with the following output:
Change Dir: /Users/pjtatlow/projects/bio365/graph_assembler/assemblers/SPAdes-3.9.0/build_spades/CMakeFiles/CMakeTmp

Run Build Command:"/usr/bin/make" "cmTC_73230/fast"
/Applications/Xcode.app/Contents/Developer/usr/bin/make -f CMakeFiles/cmTC_73230.dir/build.make CMakeFiles/cmTC_73230.dir/build
Building C object CMakeFiles/cmTC_73230.dir/CheckFunctionExists.c.o
/Applications/Xcode.app/Contents/Developer/Toolchains/XcodeDefault.xctoolchain/usr/bin/cc    -DCHECK_FUNCTION_EXISTS=valloc   -o CMakeFiles/cmTC_73230.dir/CheckFunctionExists.c.o   -c /usr/local/Cellar/cmake/3.6.2/share/cmake/Modules/CheckFunctionExists.c
Linking C executable cmTC_73230
/usr/local/Cellar/cmake/3.6.2/bin/cmake -E cmake_link_script CMakeFiles/cmTC_73230.dir/link.txt --verbose=1
/Applications/Xcode.app/Contents/Developer/Toolchains/XcodeDefault.xctoolchain/usr/bin/cc   -DCHECK_FUNCTION_EXISTS=valloc -Wl,-search_paths_first -Wl,-headerpad_max_install_names   CMakeFiles/cmTC_73230.dir/CheckFunctionExists.c.o  -o cmTC_73230  


Determining size of int passed with the following output:
Change Dir: /Users/pjtatlow/projects/bio365/graph_assembler/assemblers/SPAdes-3.9.0/build_spades/CMakeFiles/CMakeTmp

Run Build Command:"/usr/bin/make" "cmTC_9d7a6/fast"
/Applications/Xcode.app/Contents/Developer/usr/bin/make -f CMakeFiles/cmTC_9d7a6.dir/build.make CMakeFiles/cmTC_9d7a6.dir/build
Building C object CMakeFiles/cmTC_9d7a6.dir/JEMALLOC_SIZEOF_INT.c.o
/Applications/Xcode.app/Contents/Developer/Toolchains/XcodeDefault.xctoolchain/usr/bin/cc     -o CMakeFiles/cmTC_9d7a6.dir/JEMALLOC_SIZEOF_INT.c.o   -c /Users/pjtatlow/projects/bio365/graph_assembler/assemblers/SPAdes-3.9.0/build_spades/CMakeFiles/CheckTypeSize/JEMALLOC_SIZEOF_INT.c
Linking C executable cmTC_9d7a6
/usr/local/Cellar/cmake/3.6.2/bin/cmake -E cmake_link_script CMakeFiles/cmTC_9d7a6.dir/link.txt --verbose=1
/Applications/Xcode.app/Contents/Developer/Toolchains/XcodeDefault.xctoolchain/usr/bin/cc    -Wl,-search_paths_first -Wl,-headerpad_max_install_names   CMakeFiles/cmTC_9d7a6.dir/JEMALLOC_SIZEOF_INT.c.o  -o cmTC_9d7a6  


Determining size of long passed with the following output:
Change Dir: /Users/pjtatlow/projects/bio365/graph_assembler/assemblers/SPAdes-3.9.0/build_spades/CMakeFiles/CMakeTmp

Run Build Command:"/usr/bin/make" "cmTC_0bc9f/fast"
/Applications/Xcode.app/Contents/Developer/usr/bin/make -f CMakeFiles/cmTC_0bc9f.dir/build.make CMakeFiles/cmTC_0bc9f.dir/build
Building C object CMakeFiles/cmTC_0bc9f.dir/JEMALLOC_SIZEOF_LONG.c.o
/Applications/Xcode.app/Contents/Developer/Toolchains/XcodeDefault.xctoolchain/usr/bin/cc     -o CMakeFiles/cmTC_0bc9f.dir/JEMALLOC_SIZEOF_LONG.c.o   -c /Users/pjtatlow/projects/bio365/graph_assembler/assemblers/SPAdes-3.9.0/build_spades/CMakeFiles/CheckTypeSize/JEMALLOC_SIZEOF_LONG.c
Linking C executable cmTC_0bc9f
/usr/local/Cellar/cmake/3.6.2/bin/cmake -E cmake_link_script CMakeFiles/cmTC_0bc9f.dir/link.txt --verbose=1
/Applications/Xcode.app/Contents/Developer/Toolchains/XcodeDefault.xctoolchain/usr/bin/cc    -Wl,-search_paths_first -Wl,-headerpad_max_install_names   CMakeFiles/cmTC_0bc9f.dir/JEMALLOC_SIZEOF_LONG.c.o  -o cmTC_0bc9f  


Determining size of intmax_t passed with the following output:
Change Dir: /Users/pjtatlow/projects/bio365/graph_assembler/assemblers/SPAdes-3.9.0/build_spades/CMakeFiles/CMakeTmp

Run Build Command:"/usr/bin/make" "cmTC_598e4/fast"
/Applications/Xcode.app/Contents/Developer/usr/bin/make -f CMakeFiles/cmTC_598e4.dir/build.make CMakeFiles/cmTC_598e4.dir/build
Building C object CMakeFiles/cmTC_598e4.dir/JEMALLOC_SIZEOF_INTMAX_T.c.o
/Applications/Xcode.app/Contents/Developer/Toolchains/XcodeDefault.xctoolchain/usr/bin/cc     -o CMakeFiles/cmTC_598e4.dir/JEMALLOC_SIZEOF_INTMAX_T.c.o   -c /Users/pjtatlow/projects/bio365/graph_assembler/assemblers/SPAdes-3.9.0/build_spades/CMakeFiles/CheckTypeSize/JEMALLOC_SIZEOF_INTMAX_T.c
Linking C executable cmTC_598e4
/usr/local/Cellar/cmake/3.6.2/bin/cmake -E cmake_link_script CMakeFiles/cmTC_598e4.dir/link.txt --verbose=1
/Applications/Xcode.app/Contents/Developer/Toolchains/XcodeDefault.xctoolchain/usr/bin/cc    -Wl,-search_paths_first -Wl,-headerpad_max_install_names   CMakeFiles/cmTC_598e4.dir/JEMALLOC_SIZEOF_INTMAX_T.c.o  -o cmTC_598e4  


Determining if the open exist passed with the following output:
Change Dir: /Users/pjtatlow/projects/bio365/graph_assembler/assemblers/SPAdes-3.9.0/build_spades/CMakeFiles/CMakeTmp

Run Build Command:"/usr/bin/make" "cmTC_4a7d3/fast"
/Applications/Xcode.app/Contents/Developer/usr/bin/make -f CMakeFiles/cmTC_4a7d3.dir/build.make CMakeFiles/cmTC_4a7d3.dir/build
Building C object CMakeFiles/cmTC_4a7d3.dir/CheckSymbolExists.c.o
/Applications/Xcode.app/Contents/Developer/Toolchains/XcodeDefault.xctoolchain/usr/bin/cc     -o CMakeFiles/cmTC_4a7d3.dir/CheckSymbolExists.c.o   -c /Users/pjtatlow/projects/bio365/graph_assembler/assemblers/SPAdes-3.9.0/build_spades/CMakeFiles/CMakeTmp/CheckSymbolExists.c
Linking C executable cmTC_4a7d3
/usr/local/Cellar/cmake/3.6.2/bin/cmake -E cmake_link_script CMakeFiles/cmTC_4a7d3.dir/link.txt --verbose=1
/Applications/Xcode.app/Contents/Developer/Toolchains/XcodeDefault.xctoolchain/usr/bin/cc    -Wl,-search_paths_first -Wl,-headerpad_max_install_names   CMakeFiles/cmTC_4a7d3.dir/CheckSymbolExists.c.o  -o cmTC_4a7d3  

File /Users/pjtatlow/projects/bio365/graph_assembler/assemblers/SPAdes-3.9.0/build_spades/CMakeFiles/CMakeTmp/CheckSymbolExists.c:
/* */
#include <fcntl.h>

int main(int argc, char** argv)
{
  (void)argv;
#ifndef open
  return ((int*)(&open))[argc];
#else
  (void)argc;
  return 0;
#endif
}

Determining if files execinfo.h exist passed with the following output:
Change Dir: /Users/pjtatlow/projects/bio365/graph_assembler/assemblers/SPAdes-3.9.0/build_spades/CMakeFiles/CMakeTmp

Run Build Command:"/usr/bin/make" "cmTC_997a8/fast"
/Applications/Xcode.app/Contents/Developer/usr/bin/make -f CMakeFiles/cmTC_997a8.dir/build.make CMakeFiles/cmTC_997a8.dir/build
Building C object CMakeFiles/cmTC_997a8.dir/CheckIncludeFiles.c.o
/Applications/Xcode.app/Contents/Developer/Toolchains/XcodeDefault.xctoolchain/usr/bin/cc     -o CMakeFiles/cmTC_997a8.dir/CheckIncludeFiles.c.o   -c /Users/pjtatlow/projects/bio365/graph_assembler/assemblers/SPAdes-3.9.0/build_spades/CMakeFiles/CMakeTmp/CheckIncludeFiles.c
Linking C executable cmTC_997a8
/usr/local/Cellar/cmake/3.6.2/bin/cmake -E cmake_link_script CMakeFiles/cmTC_997a8.dir/link.txt --verbose=1
/Applications/Xcode.app/Contents/Developer/Toolchains/XcodeDefault.xctoolchain/usr/bin/cc    -Wl,-search_paths_first -Wl,-headerpad_max_install_names   CMakeFiles/cmTC_997a8.dir/CheckIncludeFiles.c.o  -o cmTC_997a8  


Determining if files signal.h exist passed with the following output:
Change Dir: /Users/pjtatlow/projects/bio365/graph_assembler/assemblers/SPAdes-3.9.0/build_spades/CMakeFiles/CMakeTmp

Run Build Command:"/usr/bin/make" "cmTC_f00a4/fast"
/Applications/Xcode.app/Contents/Developer/usr/bin/make -f CMakeFiles/cmTC_f00a4.dir/build.make CMakeFiles/cmTC_f00a4.dir/build
Building C object CMakeFiles/cmTC_f00a4.dir/CheckIncludeFiles.c.o
/Applications/Xcode.app/Contents/Developer/Toolchains/XcodeDefault.xctoolchain/usr/bin/cc     -o CMakeFiles/cmTC_f00a4.dir/CheckIncludeFiles.c.o   -c /Users/pjtatlow/projects/bio365/graph_assembler/assemblers/SPAdes-3.9.0/build_spades/CMakeFiles/CMakeTmp/CheckIncludeFiles.c
Linking C executable cmTC_f00a4
/usr/local/Cellar/cmake/3.6.2/bin/cmake -E cmake_link_script CMakeFiles/cmTC_f00a4.dir/link.txt --verbose=1
/Applications/Xcode.app/Contents/Developer/Toolchains/XcodeDefault.xctoolchain/usr/bin/cc    -Wl,-search_paths_first -Wl,-headerpad_max_install_names   CMakeFiles/cmTC_f00a4.dir/CheckIncludeFiles.c.o  -o cmTC_f00a4  


Determining if files sys/stat.h exist passed with the following output:
Change Dir: /Users/pjtatlow/projects/bio365/graph_assembler/assemblers/SPAdes-3.9.0/build_spades/CMakeFiles/CMakeTmp

Run Build Command:"/usr/bin/make" "cmTC_826c4/fast"
/Applications/Xcode.app/Contents/Developer/usr/bin/make -f CMakeFiles/cmTC_826c4.dir/build.make CMakeFiles/cmTC_826c4.dir/build
Building C object CMakeFiles/cmTC_826c4.dir/CheckIncludeFiles.c.o
/Applications/Xcode.app/Contents/Developer/Toolchains/XcodeDefault.xctoolchain/usr/bin/cc     -o CMakeFiles/cmTC_826c4.dir/CheckIncludeFiles.c.o   -c /Users/pjtatlow/projects/bio365/graph_assembler/assemblers/SPAdes-3.9.0/build_spades/CMakeFiles/CMakeTmp/CheckIncludeFiles.c
Linking C executable cmTC_826c4
/usr/local/Cellar/cmake/3.6.2/bin/cmake -E cmake_link_script CMakeFiles/cmTC_826c4.dir/link.txt --verbose=1
/Applications/Xcode.app/Contents/Developer/Toolchains/XcodeDefault.xctoolchain/usr/bin/cc    -Wl,-search_paths_first -Wl,-headerpad_max_install_names   CMakeFiles/cmTC_826c4.dir/CheckIncludeFiles.c.o  -o cmTC_826c4  


Determining if files cxxabi.h exist passed with the following output:
Change Dir: /Users/pjtatlow/projects/bio365/graph_assembler/assemblers/SPAdes-3.9.0/build_spades/CMakeFiles/CMakeTmp

Run Build Command:"/usr/bin/make" "cmTC_c171e/fast"
/Applications/Xcode.app/Contents/Developer/usr/bin/make -f CMakeFiles/cmTC_c171e.dir/build.make CMakeFiles/cmTC_c171e.dir/build
Building C object CMakeFiles/cmTC_c171e.dir/CheckIncludeFiles.c.o
/Applications/Xcode.app/Contents/Developer/Toolchains/XcodeDefault.xctoolchain/usr/bin/cc     -o CMakeFiles/cmTC_c171e.dir/CheckIncludeFiles.c.o   -c /Users/pjtatlow/projects/bio365/graph_assembler/assemblers/SPAdes-3.9.0/build_spades/CMakeFiles/CMakeTmp/CheckIncludeFiles.c
Linking C executable cmTC_c171e
/usr/local/Cellar/cmake/3.6.2/bin/cmake -E cmake_link_script CMakeFiles/cmTC_c171e.dir/link.txt --verbose=1
/Applications/Xcode.app/Contents/Developer/Toolchains/XcodeDefault.xctoolchain/usr/bin/cc    -Wl,-search_paths_first -Wl,-headerpad_max_install_names   CMakeFiles/cmTC_c171e.dir/CheckIncludeFiles.c.o  -o cmTC_c171e  


Determining if files dlfcn.h exist passed with the following output:
Change Dir: /Users/pjtatlow/projects/bio365/graph_assembler/assemblers/SPAdes-3.9.0/build_spades/CMakeFiles/CMakeTmp

Run Build Command:"/usr/bin/make" "cmTC_dc805/fast"
/Applications/Xcode.app/Contents/Developer/usr/bin/make -f CMakeFiles/cmTC_dc805.dir/build.make CMakeFiles/cmTC_dc805.dir/build
Building C object CMakeFiles/cmTC_dc805.dir/CheckIncludeFiles.c.o
/Applications/Xcode.app/Contents/Developer/Toolchains/XcodeDefault.xctoolchain/usr/bin/cc     -o CMakeFiles/cmTC_dc805.dir/CheckIncludeFiles.c.o   -c /Users/pjtatlow/projects/bio365/graph_assembler/assemblers/SPAdes-3.9.0/build_spades/CMakeFiles/CMakeTmp/CheckIncludeFiles.c
Linking C executable cmTC_dc805
/usr/local/Cellar/cmake/3.6.2/bin/cmake -E cmake_link_script CMakeFiles/cmTC_dc805.dir/link.txt --verbose=1
/Applications/Xcode.app/Contents/Developer/Toolchains/XcodeDefault.xctoolchain/usr/bin/cc    -Wl,-search_paths_first -Wl,-headerpad_max_install_names   CMakeFiles/cmTC_dc805.dir/CheckIncludeFiles.c.o  -o cmTC_dc805  


Determining if files mach/mach.h exist passed with the following output:
Change Dir: /Users/pjtatlow/projects/bio365/graph_assembler/assemblers/SPAdes-3.9.0/build_spades/CMakeFiles/CMakeTmp

Run Build Command:"/usr/bin/make" "cmTC_55112/fast"
/Applications/Xcode.app/Contents/Developer/usr/bin/make -f CMakeFiles/cmTC_55112.dir/build.make CMakeFiles/cmTC_55112.dir/build
Building C object CMakeFiles/cmTC_55112.dir/CheckIncludeFiles.c.o
/Applications/Xcode.app/Contents/Developer/Toolchains/XcodeDefault.xctoolchain/usr/bin/cc     -o CMakeFiles/cmTC_55112.dir/CheckIncludeFiles.c.o   -c /Users/pjtatlow/projects/bio365/graph_assembler/assemblers/SPAdes-3.9.0/build_spades/CMakeFiles/CMakeTmp/CheckIncludeFiles.c
Linking C executable cmTC_55112
/usr/local/Cellar/cmake/3.6.2/bin/cmake -E cmake_link_script CMakeFiles/cmTC_55112.dir/link.txt --verbose=1
/Applications/Xcode.app/Contents/Developer/Toolchains/XcodeDefault.xctoolchain/usr/bin/cc    -Wl,-search_paths_first -Wl,-headerpad_max_install_names   CMakeFiles/cmTC_55112.dir/CheckIncludeFiles.c.o  -o cmTC_55112  


Determining if the backtrace exist passed with the following output:
Change Dir: /Users/pjtatlow/projects/bio365/graph_assembler/assemblers/SPAdes-3.9.0/build_spades/CMakeFiles/CMakeTmp

Run Build Command:"/usr/bin/make" "cmTC_ce60c/fast"
/Applications/Xcode.app/Contents/Developer/usr/bin/make -f CMakeFiles/cmTC_ce60c.dir/build.make CMakeFiles/cmTC_ce60c.dir/build
Building C object CMakeFiles/cmTC_ce60c.dir/CheckSymbolExists.c.o
/Applications/Xcode.app/Contents/Developer/Toolchains/XcodeDefault.xctoolchain/usr/bin/cc     -o CMakeFiles/cmTC_ce60c.dir/CheckSymbolExists.c.o   -c /Users/pjtatlow/projects/bio365/graph_assembler/assemblers/SPAdes-3.9.0/build_spades/CMakeFiles/CMakeTmp/CheckSymbolExists.c
Linking C executable cmTC_ce60c
/usr/local/Cellar/cmake/3.6.2/bin/cmake -E cmake_link_script CMakeFiles/cmTC_ce60c.dir/link.txt --verbose=1
/Applications/Xcode.app/Contents/Developer/Toolchains/XcodeDefault.xctoolchain/usr/bin/cc    -Wl,-search_paths_first -Wl,-headerpad_max_install_names   CMakeFiles/cmTC_ce60c.dir/CheckSymbolExists.c.o  -o cmTC_ce60c  

File /Users/pjtatlow/projects/bio365/graph_assembler/assemblers/SPAdes-3.9.0/build_spades/CMakeFiles/CMakeTmp/CheckSymbolExists.c:
/* */
#include <execinfo.h>

int main(int argc, char** argv)
{
  (void)argv;
#ifndef backtrace
  return ((int*)(&backtrace))[argc];
#else
  (void)argc;
  return 0;
#endif
}

Determining if the include file pthread.h exists passed with the following output:
Change Dir: /Users/pjtatlow/projects/bio365/graph_assembler/assemblers/SPAdes-3.9.0/build_spades/CMakeFiles/CMakeTmp

Run Build Command:"/usr/bin/make" "cmTC_b2c1b/fast"
/Applications/Xcode.app/Contents/Developer/usr/bin/make -f CMakeFiles/cmTC_b2c1b.dir/build.make CMakeFiles/cmTC_b2c1b.dir/build
Building C object CMakeFiles/cmTC_b2c1b.dir/CheckIncludeFile.c.o
/Applications/Xcode.app/Contents/Developer/Toolchains/XcodeDefault.xctoolchain/usr/bin/cc     -o CMakeFiles/cmTC_b2c1b.dir/CheckIncludeFile.c.o   -c /Users/pjtatlow/projects/bio365/graph_assembler/assemblers/SPAdes-3.9.0/build_spades/CMakeFiles/CMakeTmp/CheckIncludeFile.c
Linking C executable cmTC_b2c1b
/usr/local/Cellar/cmake/3.6.2/bin/cmake -E cmake_link_script CMakeFiles/cmTC_b2c1b.dir/link.txt --verbose=1
/Applications/Xcode.app/Contents/Developer/Toolchains/XcodeDefault.xctoolchain/usr/bin/cc    -Wl,-search_paths_first -Wl,-headerpad_max_install_names   CMakeFiles/cmTC_b2c1b.dir/CheckIncludeFile.c.o  -o cmTC_b2c1b  


Determining if the pthread_create exist passed with the following output:
Change Dir: /Users/pjtatlow/projects/bio365/graph_assembler/assemblers/SPAdes-3.9.0/build_spades/CMakeFiles/CMakeTmp

Run Build Command:"/usr/bin/make" "cmTC_85c2f/fast"
/Applications/Xcode.app/Contents/Developer/usr/bin/make -f CMakeFiles/cmTC_85c2f.dir/build.make CMakeFiles/cmTC_85c2f.dir/build
Building C object CMakeFiles/cmTC_85c2f.dir/CheckSymbolExists.c.o
/Applications/Xcode.app/Contents/Developer/Toolchains/XcodeDefault.xctoolchain/usr/bin/cc     -o CMakeFiles/cmTC_85c2f.dir/CheckSymbolExists.c.o   -c /Users/pjtatlow/projects/bio365/graph_assembler/assemblers/SPAdes-3.9.0/build_spades/CMakeFiles/CMakeTmp/CheckSymbolExists.c
Linking C executable cmTC_85c2f
/usr/local/Cellar/cmake/3.6.2/bin/cmake -E cmake_link_script CMakeFiles/cmTC_85c2f.dir/link.txt --verbose=1
/Applications/Xcode.app/Contents/Developer/Toolchains/XcodeDefault.xctoolchain/usr/bin/cc    -Wl,-search_paths_first -Wl,-headerpad_max_install_names   CMakeFiles/cmTC_85c2f.dir/CheckSymbolExists.c.o  -o cmTC_85c2f  

File /Users/pjtatlow/projects/bio365/graph_assembler/assemblers/SPAdes-3.9.0/build_spades/CMakeFiles/CMakeTmp/CheckSymbolExists.c:
/* */
#include <pthread.h>

int main(int argc, char** argv)
{
  (void)argv;
#ifndef pthread_create
  return ((int*)(&pthread_create))[argc];
#else
  (void)argc;
  return 0;
#endif
}

Determining if the function shm_open exists passed with the following output:
Change Dir: /Users/pjtatlow/projects/bio365/graph_assembler/assemblers/SPAdes-3.9.0/build_spades/CMakeFiles/CMakeTmp

Run Build Command:"/usr/bin/make" "cmTC_dd066/fast"
/Applications/Xcode.app/Contents/Developer/usr/bin/make -f CMakeFiles/cmTC_dd066.dir/build.make CMakeFiles/cmTC_dd066.dir/build
Building C object CMakeFiles/cmTC_dd066.dir/CheckFunctionExists.c.o
/Applications/Xcode.app/Contents/Developer/Toolchains/XcodeDefault.xctoolchain/usr/bin/cc    -DCHECK_FUNCTION_EXISTS=shm_open   -o CMakeFiles/cmTC_dd066.dir/CheckFunctionExists.c.o   -c /usr/local/Cellar/cmake/3.6.2/share/cmake/Modules/CheckFunctionExists.c
Linking C executable cmTC_dd066
/usr/local/Cellar/cmake/3.6.2/bin/cmake -E cmake_link_script CMakeFiles/cmTC_dd066.dir/link.txt --verbose=1
/Applications/Xcode.app/Contents/Developer/Toolchains/XcodeDefault.xctoolchain/usr/bin/cc   -DCHECK_FUNCTION_EXISTS=shm_open -Wl,-search_paths_first -Wl,-headerpad_max_install_names   CMakeFiles/cmTC_dd066.dir/CheckFunctionExists.c.o  -o cmTC_dd066  


