[10/21/2016:13:49:30] Edena v3.131028
[10/21/2016:13:49:30] argv[1] -e
[10/21/2016:13:49:30] argv[2] assemblers/edenaOutput/real.error.small/.ovl
[10/21/2016:13:49:30] argv[3] -p
[10/21/2016:13:49:30] argv[4] assemblers/edenaOutput/real.error.small/
[10/21/2016:13:49:30] reads length:             100
[10/21/2016:13:49:30] number of reads:          102
[10/21/2016:13:49:30] number of nodes:          100
[10/21/2016:13:49:30] number of edges:          93
[10/21/2016:13:49:30] minimum overlap size:     50
[10/21/2016:13:49:30] Graph has been condensed to 21 nodes
[10/21/2016:13:49:30] Removed orphan non-usable nodes: 6 (6.9% of the total number of reads)
[10/21/2016:13:49:30] Removed dead-ends: 8 (19.6% of the total number of reads)
[10/21/2016:13:49:30] Graph has been condensed to 2 nodes
[10/21/2016:13:49:30] Contextual cleaning cleared 0 incoherent edges
[10/21/2016:13:49:30] Graph has been condensed to 2 nodes
[10/21/2016:13:49:30] Removed dead-ends: 0 (0.0% of the total number of reads)
[10/21/2016:13:49:30] Graph has been condensed to 2 nodes
[10/21/2016:13:49:30] Removed orphan non-usable nodes: 0
[10/21/2016:13:49:30] Graph has been condensed to 2 nodes
[10/21/2016:13:49:30] Nodes coverage sampling:
[10/21/2016:13:49:30] mean: 9.5
[10/21/2016:13:49:30] median: 9.5
[10/21/2016:13:49:30] 1st percentile 0.0
[10/21/2016:13:49:30] 1st decile 0.0
[10/21/2016:13:49:30] sd: 0.0
[10/21/2016:13:49:30] minimum required coverage automatically set to: 4.8
[10/21/2016:13:49:30] target size (roughly) estimated as 818
[10/21/2016:13:49:30] Resolved bubbles: 0
[10/21/2016:13:49:30] Graph has been condensed to 2 nodes
[10/21/2016:13:49:30] Suspicious nodes removed: 0
[10/21/2016:13:49:30] Graph has been condensed to 2 nodes
[10/21/2016:13:49:30] Number of contigs:  1
[10/21/2016:13:49:30] sum:  754 bp 
[10/21/2016:13:49:30] N50:  754 bp 
[10/21/2016:13:49:30] mean: 754 bp 
[10/21/2016:13:49:30] max:  754 bp 
[10/21/2016:13:49:30] min:  754 bp 
[10/21/2016:13:49:30] Assembly breaks occurred due to:
[10/21/2016:13:49:30] non-resolved ambiguity: 0
[10/21/2016:13:49:30] dead-end: 2
