[10/20/2016:15:01:55] Edena v3.131028
[10/20/2016:15:01:55] argv[1] -r
[10/20/2016:15:01:55] argv[2] /Users/pjtatlow/projects/bio365/graph_assembler/data/real.error.small.fasta
[10/20/2016:15:01:55] argv[3] -p
[10/20/2016:15:01:55] argv[4] /Users/pjtatlow/projects/bio365/graph_assembler/assemblers/edenaOutput/real.error.small/
[10/20/2016:15:01:55] Number of reads upper bound estimation: 103
[10/20/2016:15:01:55] Opening file:
[10/20/2016:15:01:55] /Users/pjtatlow/projects/bio365/graph_assembler/data/real.error.small.fasta
[10/20/2016:15:01:55] Loaded: 102, discarded: 0
[10/20/2016:15:01:55] Reads length: 100
[10/20/2016:15:01:55] Number of reads: 102
[10/20/2016:15:01:55] Number of distinct sequences: 100
[10/20/2016:15:01:55] Average reads redundancy: 1.0
[10/20/2016:15:01:55] Initializing prefix tables
[10/20/2016:15:01:55] Minimum overlaps size: 50
[10/20/2016:15:01:55] Start computing overlaps
[10/20/2016:15:01:55] Done computing overlaps
[10/20/2016:15:01:55] Number of nodes: 100
[10/20/2016:15:01:55] Number of edges: 93
[10/20/2016:15:01:55] OSG written to file /Users/pjtatlow/projects/bio365/graph_assembler/assemblers/edenaOutput/real.error.small/.ovl
