Command line: assemblers/spades/bin/spades.py	-k	25	-s	/graph_assembler/data/real.error.large.fasta	--only-assembler	-o	/graph_assembler/assemblers/spadesOutput/real.error.large/25	-t	2	-m	2	

System information:
  SPAdes version: 3.9.0
  Python version: 2.7.12
  OS: Linux-4.4.20-moby-x86_64-with-Ubuntu-16.04-xenial

Output dir: /graph_assembler/assemblers/spadesOutput/real.error.large/25
Mode: ONLY assembling (without read error correction)
Debug mode is turned OFF

Dataset parameters:
  Multi-cell mode (you should set '--sc' flag if input data was obtained with MDA (single-cell) technology or --meta flag if processing metagenomic dataset)
  Reads:
    Library number: 1, library type: single
      left reads: not specified
      right reads: not specified
      interlaced reads: not specified
      single reads: ['/graph_assembler/data/real.error.large.fasta']
Assembly parameters:
  k: [25]
  Repeat resolution is enabled
  Mismatch careful mode is turned OFF
  MismatchCorrector will be SKIPPED
  Coverage cutoff is turned OFF
Other parameters:
  Dir for temp files: /graph_assembler/assemblers/spadesOutput/real.error.large/25/tmp
  Threads: 2
  Memory limit (in Gb): 2


======= SPAdes pipeline started. Log can be found here: /graph_assembler/assemblers/spadesOutput/real.error.large/25/spades.log


===== Assembling started.


== Running assembler: K25

  0:00:00.000     4M / 4M    INFO    General                 (main.cpp                  :  75)   Loading config from /graph_assembler/assemblers/spadesOutput/real.error.large/25/K25/configs/config.info
  0:00:00.000     4M / 4M    INFO    General                 (memory_limit.hpp          :  47)   Memory limit set to 2 Gb
  0:00:00.000     4M / 4M    INFO    General                 (main.cpp                  :  88)   Starting SPAdes, built from refs/heads/master, git revision 437fb35bb902e3890e120debbd3a3aacaabbf8d0
  0:00:00.000     4M / 4M    INFO    General                 (main.cpp                  :  89)   Maximum k-mer length: 128
  0:00:00.000     4M / 4M    INFO    General                 (main.cpp                  :  90)   Assembling dataset (/graph_assembler/assemblers/spadesOutput/real.error.large/25/dataset.info) with K=25
  0:00:00.000     4M / 4M    INFO    General                 (launch.hpp                :  29)   SPAdes started
  0:00:00.000     4M / 4M    INFO    General                 (launch.hpp                :  36)   Starting from stage: construction
  0:00:00.000     4M / 4M    INFO    General                 (launch.hpp                :  39)   Two-step RR enabled: 0
  0:00:00.000     4M / 4M    INFO    General                 (launch.hpp                :  58)   Will need read mapping, kmer mapper will be attached
  0:00:00.000     4M / 4M    INFO   StageManager             (stage.cpp                 : 126)   STAGE == Construction
  0:00:00.000     4M / 4M    INFO    General                 (read_converter.hpp        :  78)   Converting reads to binary format for library #0 (takes a while)
  0:00:00.000     4M / 4M    INFO    General                 (read_converter.hpp        :  79)   Converting paired reads
  0:00:00.076    68M / 100M  INFO    General                 (binary_converter.hpp      : 159)   0 reads written
  0:00:00.081     4M / 100M  INFO    General                 (read_converter.hpp        :  88)   Converting single reads
  0:00:00.216   132M / 196M  INFO    General                 (binary_converter.hpp      : 159)   4675 reads written
  0:00:00.225     4M / 196M  INFO    General                 (graph_construction.hpp    : 120)   Constructing DeBruijn graph for k=25
  0:00:00.225     4M / 196M  INFO    General                 (kmer_splitters.hpp        : 130)   Splitting kmer instances into 4 buckets. This might take a while.
  0:00:00.225     4M / 196M  INFO    General                 (file_limit.hpp            :  30)   Open file limit set to 1048576
  0:00:00.225     4M / 196M  INFO    General                 (kmer_index_builder.hpp    : 105)   Memory available for splitting buffers: 0.332682 Gb
  0:00:00.225     4M / 196M  INFO    General                 (kmer_index_builder.hpp    : 113)   Using cell size of 11162965
  0:00:00.259   776M / 868M  INFO    General                 (kmer_splitters.hpp        : 160)   Adding contigs from previous K
  0:00:00.259   776M / 868M  INFO    General                 (kmer_splitters.hpp        : 171)   Used 9350 reads. Maximum read length 100
  0:00:00.259   776M / 868M  INFO    General                 (kmer_splitters.hpp        : 172)   Average read length 99.6535
  0:00:00.259   776M / 868M  INFO    General                 (kmer_index_builder.hpp    : 232)   Starting k-mer counting.
  0:00:00.261   776M / 868M  INFO    General                 (kmer_index_builder.hpp    : 238)   K-mer counting done. There are 70036 kmers in total.
  0:00:00.261   776M / 868M  INFO    General                 (kmer_index_builder.hpp    : 240)   Merging temporary buckets.
  0:00:00.263   776M / 868M  INFO   K-mer Index Building     (kmer_index_builder.hpp    : 346)   Building kmer index
  0:00:00.263   776M / 868M  INFO    General                 (kmer_splitters.hpp        : 282)   Splitting kmer instances into 32 buckets. This might take a while.
  0:00:00.263   776M / 868M  INFO    General                 (file_limit.hpp            :  30)   Open file limit set to 1048576
  0:00:00.263   776M / 868M  INFO    General                 (kmer_index_builder.hpp    : 105)   Memory available for splitting buffers: 0.207031 Gb
  0:00:00.263   776M / 868M  INFO    General                 (kmer_index_builder.hpp    : 113)   Using cell size of 868352
  0:00:00.302     1G / 1G    INFO    General                 (kmer_splitters.hpp        : 301)   Processed 70036 kmers
  0:00:00.302     1G / 1G    INFO    General                 (kmer_splitters.hpp        : 306)   Used 70036 kmers.
  0:00:00.302     1G / 1G    INFO    General                 (kmer_index_builder.hpp    : 232)   Starting k-mer counting.
  0:00:00.309     1G / 1G    INFO    General                 (kmer_index_builder.hpp    : 238)   K-mer counting done. There are 69453 kmers in total.
  0:00:00.309     1G / 1G    INFO    General                 (kmer_index_builder.hpp    : 240)   Merging temporary buckets.
  0:00:00.312     1G / 1G    INFO   K-mer Index Building     (kmer_index_builder.hpp    : 355)   Building perfect hash indices
  0:00:00.322     1G / 1G    INFO    General                 (kmer_index_builder.hpp    : 256)   Merging final buckets.
  0:00:00.325     1G / 1G    INFO   K-mer Index Building     (kmer_index_builder.hpp    : 401)   Index built. Total 22832 bytes occupied (2.62992 bits per kmer).
  0:00:00.325     1G / 1G    INFO   DeBruijnExtensionIndexBu (kmer_extension_index_build:  85)   Building k-mer extensions from k+1-mers
  0:00:00.351     1G / 1G    INFO   DeBruijnExtensionIndexBu (kmer_extension_index_build:  89)   Building k-mer extensions from k+1-mers finished.
  0:00:00.352     8M / 1G    INFO    General                 (graph_construction.hpp    : 136)   Condensing graph
  0:00:00.353     8M / 1G    INFO   UnbranchingPathExtractor (debruijn_graph_constructor: 330)   Extracting unbranching paths
  0:00:00.402     8M / 1G    INFO   UnbranchingPathExtractor (debruijn_graph_constructor: 344)   Extracting unbranching paths finished. 8480 sequences extracted
  0:00:00.416     8M / 1G    INFO   UnbranchingPathExtractor (debruijn_graph_constructor: 304)   Collecting perfect loops
  0:00:00.430     8M / 1G    INFO   UnbranchingPathExtractor (debruijn_graph_constructor: 319)   Collecting perfect loops finished. 0 loops collected
  0:00:00.440     8M / 1G    INFO    General                 (graph_construction.hpp    : 141)   Building index with from graph
  0:00:00.440     8M / 1G    INFO   K-mer Index Building     (kmer_index_builder.hpp    : 346)   Building kmer index
  0:00:00.440     8M / 1G    INFO    General                 (kmer_splitters.hpp        : 213)   Splitting kmer instances into 16 buckets. This might take a while.
  0:00:00.440     8M / 1G    INFO    General                 (file_limit.hpp            :  30)   Open file limit set to 1048576
  0:00:00.440     8M / 1G    INFO    General                 (kmer_index_builder.hpp    : 105)   Memory available for splitting buffers: 0.664062 Gb
  0:00:00.440     8M / 1G    INFO    General                 (kmer_index_builder.hpp    : 113)   Using cell size of 4194304
  0:00:00.458   584M / 1G    INFO    General                 (kmer_splitters.hpp        : 224)   Processed 8480 edges
  0:00:00.458   584M / 1G    INFO    General                 (kmer_splitters.hpp        : 229)   Used 8480 sequences.
  0:00:00.458   584M / 1G    INFO    General                 (kmer_index_builder.hpp    : 232)   Starting k-mer counting.
  0:00:00.461   584M / 1G    INFO    General                 (kmer_index_builder.hpp    : 238)   K-mer counting done. There are 70036 kmers in total.
  0:00:00.461   584M / 1G    INFO    General                 (kmer_index_builder.hpp    : 240)   Merging temporary buckets.
  0:00:00.462   584M / 1G    INFO   K-mer Index Building     (kmer_index_builder.hpp    : 355)   Building perfect hash indices
  0:00:00.473   584M / 1G    INFO    General                 (kmer_index_builder.hpp    : 256)   Merging final buckets.
  0:00:00.475   584M / 1G    INFO   K-mer Index Building     (kmer_index_builder.hpp    : 401)   Index built. Total 23008 bytes occupied (2.62813 bits per kmer).
  0:00:00.477     8M / 1G    INFO    General                 (edge_index_builders.hpp   :  27)   Collecting k-mer coverage information from graph, this takes a while.
  0:00:00.500     8M / 1G    INFO    General                 (edge_index.hpp            :  91)   Index refilled
  0:00:00.501     8M / 1G    INFO    General                 (graph_construction.hpp    : 173)   Filling coverage index
  0:00:00.501     8M / 1G    INFO    General                 (edge_index_builders.hpp   : 105)   Collecting k-mer coverage information from reads, this takes a while.
  0:00:00.589     8M / 1G    INFO    General                 (graph_construction.hpp    : 175)   Filling coverage and flanking coverage from index
  0:00:00.591     8M / 1G    INFO    General                 (construction.cpp          :  30)   Figured out: read length = 100
  0:00:00.591     8M / 1G    INFO   StageManager             (stage.cpp                 : 126)   STAGE == EC Threshold Finding
  0:00:00.592     8M / 1G    INFO    General                 (kmer_coverage_model.cpp   : 180)   Kmer coverage valley at: 2
  0:00:00.592     8M / 1G    INFO    General                 (kmer_coverage_model.cpp   : 200)   K-mer histogram maximum: 12
  0:00:00.592     8M / 1G    INFO    General                 (kmer_coverage_model.cpp   : 236)   Estimated median coverage: 13. Coverage mad: 7.413
  0:00:00.592     8M / 1G    INFO    General                 (kmer_coverage_model.cpp   : 275)   Fitting coverage model
  0:00:00.604     8M / 1G    INFO    General                 (kmer_coverage_model.cpp   : 311)   ... iteration 2
  0:00:00.639     8M / 1G    INFO    General                 (kmer_coverage_model.cpp   : 311)   ... iteration 4
  0:00:00.742     8M / 1G    INFO    General                 (kmer_coverage_model.cpp   : 311)   ... iteration 8
  0:00:00.922     8M / 1G    INFO    General                 (kmer_coverage_model.cpp   : 311)   ... iteration 16
  0:00:01.184     8M / 1G    INFO    General                 (kmer_coverage_model.cpp   : 325)   Fitted mean coverage: 13.1665. Fitted coverage std. dev: 5.17357
  0:00:01.184     8M / 1G    INFO    General                 (kmer_coverage_model.cpp   : 350)   Probability of erroneous kmer at valley: 0.764965
  0:00:01.184     8M / 1G    INFO    General                 (kmer_coverage_model.cpp   : 374)   Preliminary threshold calculated as: 9
  0:00:01.184     8M / 1G    INFO    General                 (kmer_coverage_model.cpp   : 378)   Threshold adjusted to: 7
  0:00:01.184     8M / 1G    INFO    General                 (kmer_coverage_model.cpp   : 391)   Estimated genome size (ignoring repeats): 20076
  0:00:01.184     8M / 1G    INFO    General                 (genomic_info_filler.cpp   : 133)   Mean coverage was calculated as 13.1665
  0:00:01.184     8M / 1G    INFO    General                 (genomic_info_filler.cpp   : 147)   EC coverage threshold value was calculated as 7
  0:00:01.184     8M / 1G    INFO    General                 (genomic_info_filler.cpp   : 148)   Trusted kmer low bound: 0
  0:00:01.184     8M / 1G    INFO   StageManager             (stage.cpp                 : 126)   STAGE == Gap Closer
  0:00:01.184     8M / 1G    INFO    General                 (gap_closer.cpp            : 489)   No paired-end libraries exist, skipping gap closer
  0:00:01.184     8M / 1G    INFO   StageManager             (stage.cpp                 : 126)   STAGE == Simplification
  0:00:01.184     8M / 1G    INFO    General                 (simplification.cpp        : 349)   Graph simplification started
  0:00:01.184     8M / 1G    INFO    General                 (simplification.cpp        :  98)   PROCEDURE == InitialCleaning
  0:00:01.184     8M / 1G    INFO    General                 (graph_simplification.hpp  : 577)   Removing isolated edges
  0:00:01.184     8M / 1G    INFO    General                 (graph_simplification.hpp  : 578)   All isolated edges shorter than 100 will be removed
  0:00:01.185     8M / 1G    INFO    General                 (graph_simplification.hpp  : 579)   Also isolated edges shorter than 0 and coverage smaller than 0 will be removed
  0:00:01.185     8M / 1G    INFO    General                 (graph_simplification.hpp  : 850)   Flanking coverage based disconnection disabled
  0:00:01.185     8M / 1G    INFO    General                 (simplification.cpp        : 326)   Running Self conjugate edge remover
  0:00:01.187     8M / 1G    INFO    General                 (simplification.cpp        : 326)   Running Initial isolated edge remover
  0:00:01.190     8M / 1G    INFO    General                 (simplification.cpp        : 326)   Running Initial tip clipper
  0:00:01.201     8M / 1G    INFO    General                 (simplification.cpp        : 326)   Running Initial ec remover
  0:00:01.209     8M / 1G    INFO    General                 (graph_simplification.hpp  : 763)   Creating parallel br instance
  0:00:01.209     8M / 1G    INFO    General                 (simplification.cpp        : 372)   PROCEDURE == Simplification cycle, iteration 1
  0:00:01.209     8M / 1G    INFO    General                 (simplification.cpp        : 326)   Running Tip clipper
  0:00:01.210     8M / 1G    INFO    General                 (simplification.cpp        : 326)   Running Bulge remover
  0:00:01.222     8M / 1G    INFO    General                 (simplification.cpp        : 326)   Running Low coverage edge remover
  0:00:01.224     8M / 1G    INFO    General                 (simplification.cpp        : 372)   PROCEDURE == Simplification cycle, iteration 2
  0:00:01.224     8M / 1G    INFO    General                 (simplification.cpp        : 326)   Running Tip clipper
  0:00:01.224     8M / 1G    INFO    General                 (simplification.cpp        : 326)   Running Bulge remover
  0:00:01.226     8M / 1G    INFO    General                 (simplification.cpp        : 326)   Running Low coverage edge remover
  0:00:01.226     8M / 1G    INFO    General                 (simplification.cpp        : 372)   PROCEDURE == Simplification cycle, iteration 3
  0:00:01.226     8M / 1G    INFO    General                 (simplification.cpp        : 326)   Running Tip clipper
  0:00:01.226     8M / 1G    INFO    General                 (simplification.cpp        : 326)   Running Bulge remover
  0:00:01.227     8M / 1G    INFO    General                 (simplification.cpp        : 326)   Running Low coverage edge remover
  0:00:01.228     8M / 1G    INFO    General                 (simplification.cpp        : 372)   PROCEDURE == Simplification cycle, iteration 4
  0:00:01.228     8M / 1G    INFO    General                 (simplification.cpp        : 326)   Running Tip clipper
  0:00:01.228     8M / 1G    INFO    General                 (simplification.cpp        : 326)   Running Bulge remover
  0:00:01.229     8M / 1G    INFO    General                 (simplification.cpp        : 326)   Running Low coverage edge remover
  0:00:01.229     8M / 1G    INFO    General                 (simplification.cpp        : 372)   PROCEDURE == Simplification cycle, iteration 5
  0:00:01.229     8M / 1G    INFO    General                 (simplification.cpp        : 326)   Running Tip clipper
  0:00:01.229     8M / 1G    INFO    General                 (simplification.cpp        : 326)   Running Bulge remover
  0:00:01.231     8M / 1G    INFO    General                 (simplification.cpp        : 326)   Running Low coverage edge remover
  0:00:01.231     8M / 1G    INFO    General                 (simplification.cpp        : 372)   PROCEDURE == Simplification cycle, iteration 6
  0:00:01.231     8M / 1G    INFO    General                 (simplification.cpp        : 326)   Running Tip clipper
  0:00:01.231     8M / 1G    INFO    General                 (simplification.cpp        : 326)   Running Bulge remover
  0:00:01.232     8M / 1G    INFO    General                 (simplification.cpp        : 326)   Running Low coverage edge remover
  0:00:01.232     8M / 1G    INFO    General                 (simplification.cpp        : 372)   PROCEDURE == Simplification cycle, iteration 7
  0:00:01.232     8M / 1G    INFO    General                 (simplification.cpp        : 326)   Running Tip clipper
  0:00:01.232     8M / 1G    INFO    General                 (simplification.cpp        : 326)   Running Bulge remover
  0:00:01.232     8M / 1G    INFO    General                 (simplification.cpp        : 326)   Running Low coverage edge remover
  0:00:01.232     8M / 1G    INFO    General                 (simplification.cpp        : 372)   PROCEDURE == Simplification cycle, iteration 8
  0:00:01.232     8M / 1G    INFO    General                 (simplification.cpp        : 326)   Running Tip clipper
  0:00:01.232     8M / 1G    INFO    General                 (simplification.cpp        : 326)   Running Bulge remover
  0:00:01.232     8M / 1G    INFO    General                 (simplification.cpp        : 326)   Running Low coverage edge remover
  0:00:01.233     8M / 1G    INFO    General                 (simplification.cpp        : 372)   PROCEDURE == Simplification cycle, iteration 9
  0:00:01.233     8M / 1G    INFO    General                 (simplification.cpp        : 326)   Running Tip clipper
  0:00:01.233     8M / 1G    INFO    General                 (simplification.cpp        : 326)   Running Bulge remover
  0:00:01.233     8M / 1G    INFO    General                 (simplification.cpp        : 326)   Running Low coverage edge remover
  0:00:01.233     8M / 1G    INFO    General                 (simplification.cpp        : 372)   PROCEDURE == Simplification cycle, iteration 10
  0:00:01.233     8M / 1G    INFO    General                 (simplification.cpp        : 326)   Running Tip clipper
  0:00:01.233     8M / 1G    INFO    General                 (simplification.cpp        : 326)   Running Bulge remover
  0:00:01.233     8M / 1G    INFO    General                 (simplification.cpp        : 326)   Running Low coverage edge remover
  0:00:01.233     8M / 1G    INFO    General                 (simplification.cpp        : 372)   PROCEDURE == Simplification cycle, iteration 11
  0:00:01.233     8M / 1G    INFO    General                 (simplification.cpp        : 326)   Running Tip clipper
  0:00:01.233     8M / 1G    INFO    General                 (simplification.cpp        : 326)   Running Bulge remover
  0:00:01.233     8M / 1G    INFO    General                 (simplification.cpp        : 326)   Running Low coverage edge remover
  0:00:01.233     8M / 1G    INFO    General                 (simplification.cpp        : 213)   PROCEDURE == Post simplification
  0:00:01.233     8M / 1G    INFO    General                 (graph_simplification.hpp  : 763)   Creating parallel br instance
  0:00:01.233     8M / 1G    INFO    General                 (simplification.cpp        : 268)   Iteration 0
  0:00:01.233     8M / 1G    INFO    General                 (graph_simplification.hpp  : 463)   Removal of relatively low covered connections disabled
  0:00:01.233     8M / 1G    INFO    General                 (graph_simplification.hpp  : 480)   Disconnection of relatively low covered edges disabled
  0:00:01.233     8M / 1G    INFO    General                 (graph_simplification.hpp  : 536)   Complex tip clipping disabled
  0:00:01.233     8M / 1G    INFO    General                 (simplification.cpp        : 326)   Running Tip clipper
  0:00:01.233     8M / 1G    INFO    General                 (simplification.cpp        : 326)   Running Bulge remover
  0:00:01.233     8M / 1G    INFO    General                 (simplification.cpp        : 296)   Disrupting self-conjugate edges
  0:00:01.233     8M / 1G    INFO   StageManager             (stage.cpp                 : 126)   STAGE == Gap Closer
  0:00:01.233     8M / 1G    INFO    General                 (gap_closer.cpp            : 489)   No paired-end libraries exist, skipping gap closer
  0:00:01.233     8M / 1G    INFO   StageManager             (stage.cpp                 : 126)   STAGE == Simplification Cleanup
  0:00:01.233     8M / 1G    INFO    General                 (graph_simplification.hpp  : 577)   Removing isolated edges
  0:00:01.233     8M / 1G    INFO    General                 (graph_simplification.hpp  : 578)   All isolated edges shorter than 150 will be removed
  0:00:01.233     8M / 1G    INFO    General                 (graph_simplification.hpp  : 579)   Also isolated edges shorter than 0 and coverage smaller than 2 will be removed
  0:00:01.233     8M / 1G    INFO    General                 (simplification.cpp        : 522)   Counting average coverage
  0:00:01.233     8M / 1G    INFO    General                 (simplification.cpp        : 527)   Average coverage = 13.5797
  0:00:01.233     8M / 1G    INFO   StageManager             (stage.cpp                 : 126)   STAGE == Mismatch Correction
  0:00:01.233     8M / 1G    INFO    General                 (graph_pack.hpp            :  91)   Index refill
  0:00:01.233     8M / 1G    INFO   K-mer Index Building     (kmer_index_builder.hpp    : 346)   Building kmer index
  0:00:01.233     8M / 1G    INFO    General                 (kmer_splitters.hpp        : 213)   Splitting kmer instances into 16 buckets. This might take a while.
  0:00:01.233     8M / 1G    INFO    General                 (file_limit.hpp            :  30)   Open file limit set to 1048576
  0:00:01.233     8M / 1G    INFO    General                 (kmer_index_builder.hpp    : 105)   Memory available for splitting buffers: 0.664062 Gb
  0:00:01.233     8M / 1G    INFO    General                 (kmer_index_builder.hpp    : 113)   Using cell size of 4194304
  0:00:01.243   584M / 1G    INFO    General                 (kmer_splitters.hpp        : 229)   Used 164 sequences.
  0:00:01.243   584M / 1G    INFO    General                 (kmer_index_builder.hpp    : 232)   Starting k-mer counting.
  0:00:01.245   584M / 1G    INFO    General                 (kmer_index_builder.hpp    : 238)   K-mer counting done. There are 22216 kmers in total.
  0:00:01.245   584M / 1G    INFO    General                 (kmer_index_builder.hpp    : 240)   Merging temporary buckets.
  0:00:01.248   584M / 1G    INFO   K-mer Index Building     (kmer_index_builder.hpp    : 355)   Building perfect hash indices
  0:00:01.259   584M / 1G    INFO    General                 (kmer_index_builder.hpp    : 256)   Merging final buckets.
  0:00:01.263   584M / 1G    INFO   K-mer Index Building     (kmer_index_builder.hpp    : 401)   Index built. Total 7416 bytes occupied (2.67051 bits per kmer).
  0:00:01.264     8M / 1G    INFO    General                 (edge_index_builders.hpp   :  27)   Collecting k-mer coverage information from graph, this takes a while.
  0:00:01.280     8M / 1G    INFO    General                 (edge_index.hpp            :  91)   Index refilled
  0:00:01.280     8M / 1G    INFO    General                 (graph_pack.hpp            : 100)   Normalizing k-mer map. Total 9216 kmers to process
  0:00:01.288     8M / 1G    INFO    General                 (graph_pack.hpp            : 102)   Normalizing done
  0:00:01.353     8M / 1G    INFO    General                 (mismatch_shall_not_pass.hp: 188)   Finished collecting potential mismatches positions
  0:00:01.354     8M / 1G    INFO    General                 (mismatch_shall_not_pass.hp: 291)   All edges processed
  0:00:01.354     8M / 1G    INFO    General                 (mismatch_correction.cpp   :  26)   Corrected 0 nucleotides
  0:00:01.354     8M / 1G    INFO   StageManager             (stage.cpp                 : 126)   STAGE == Paired Information Counting
  0:00:01.358     8M / 1G    INFO    General                 (graph_pack.hpp            : 100)   Normalizing k-mer map. Total 9216 kmers to process
  0:00:01.358     8M / 1G    INFO    General                 (graph_pack.hpp            : 102)   Normalizing done
  0:00:01.358     8M / 1G    INFO    General                 (pair_info_count.cpp       : 173)   Min edge length for estimation: 2266
  0:00:01.358     8M / 1G    INFO    General                 (pair_info_count.cpp       : 231)   Mapping library #0
  0:00:01.358     8M / 1G    INFO    General                 (pair_info_count.cpp       : 246)   Mapping single reads (takes a while)
  0:00:01.358     8M / 1G    INFO    General                 (short_read_mapper.hpp     :  93)   Selecting usual mapper
  0:00:01.393     8M / 1G    INFO    General                 (sequence_mapper_notifier.h:  94)   Total 4675 reads processed
  0:00:01.393     8M / 1G    INFO    General                 (pair_info_count.cpp       : 251)   Total paths obtained from single reads: 251
  0:00:01.393     8M / 1G    INFO   StageManager             (stage.cpp                 : 126)   STAGE == Distance Estimation
  0:00:01.393     8M / 1G    INFO   StageManager             (stage.cpp                 : 126)   STAGE == Repeat Resolving
  0:00:01.393     8M / 1G    INFO    General                 (contig_output.hpp         : 309)   Outputting contigs to /graph_assembler/assemblers/spadesOutput/real.error.large/25//K25/before_rr.fasta
  0:00:01.396     8M / 1G    INFO    General                 (contig_output.hpp         : 342)   Outputting graph to /graph_assembler/assemblers/spadesOutput/real.error.large/25//K25/assembly_graph.fastg
  0:00:01.399     8M / 1G    INFO    General                 (repeat_resolving.cpp      :  78)   Using Path-Extend repeat resolving
  0:00:01.399     8M / 1G    INFO    General                 (path_extend_launch.hpp    :1056)   ExSPAnder repeat resolving tool started
  0:00:01.400     8M / 1G    INFO    General                 (path_extend_launch.hpp    :1094)   SUBSTAGE = paired-end libraries
  0:00:01.400     8M / 1G    INFO    General                 (path_extend_launch.hpp    : 381)   resolvable_repeat_length_bound set to 10000
  0:00:01.403     8M / 1G    INFO    General                 (path_extend_launch.hpp    : 874)   Using 0 paired-end libraries
  0:00:01.403     8M / 1G    INFO    General                 (path_extend_launch.hpp    : 875)   Using 0 paired-end scaffolding libraries
  0:00:01.403     8M / 1G    INFO    General                 (path_extend_launch.hpp    : 876)   Using 0 mate-pair libraries
  0:00:01.403     8M / 1G    INFO    General                 (path_extend_launch.hpp    : 877)   Using 1 single read library
  0:00:01.403     8M / 1G    INFO    General                 (path_extend_launch.hpp    : 878)   Scaffolder is on
  0:00:01.406    12M / 1G    INFO    General                 (path_extend_launch.hpp    :1115)   Growing paths using paired-end and long single reads
  0:00:01.406    12M / 1G    INFO    General                 (path_extend_launch.hpp    :1116)   Multi path extend is off
  0:00:01.407    12M / 1G    INFO    General                 (path_extend_launch.hpp    :1117)   Overlap removal is on
  0:00:01.407    12M / 1G    INFO   PathExtender             (path_extender.hpp         : 952)   Processed 0 paths from 79 (0%)
  0:00:01.411    12M / 1G    INFO   PathExtender             (path_extender.hpp         : 952)   Processed 8 paths from 79 (10%)
  0:00:01.412    12M / 1G    INFO   PathExtender             (path_extender.hpp         : 952)   Processed 16 paths from 79 (20%)
  0:00:01.413    12M / 1G    INFO   PathExtender             (path_extender.hpp         : 952)   Processed 24 paths from 79 (30%)
  0:00:01.414    12M / 1G    INFO   PathExtender             (path_extender.hpp         : 952)   Processed 32 paths from 79 (40%)
  0:00:01.417    12M / 1G    INFO   PathExtender             (path_extender.hpp         : 952)   Processed 40 paths from 79 (50%)
  0:00:01.420    12M / 1G    INFO   PathExtender             (path_extender.hpp         : 952)   Processed 48 paths from 79 (60%)
  0:00:01.420    12M / 1G    INFO   PathExtender             (path_extender.hpp         : 952)   Processed 56 paths from 79 (70%)
  0:00:01.423    12M / 1G    INFO   PathExtender             (path_extender.hpp         : 952)   Processed 64 paths from 79 (81%)
  0:00:01.423    12M / 1G    INFO   PathExtender             (path_extender.hpp         : 952)   Processed 72 paths from 79 (91%)
  0:00:01.425    12M / 1G    INFO    General                 (path_extend_launch.hpp    : 381)   resolvable_repeat_length_bound set to 10000
  0:00:01.428    12M / 1G    INFO    General                 (path_extend_launch.hpp    : 874)   Using 0 paired-end libraries
  0:00:01.428    12M / 1G    INFO    General                 (path_extend_launch.hpp    : 875)   Using 0 paired-end scaffolding libraries
  0:00:01.428    12M / 1G    INFO    General                 (path_extend_launch.hpp    : 876)   Using 0 mate-pair libraries
  0:00:01.428    12M / 1G    INFO    General                 (path_extend_launch.hpp    : 877)   Using 1 single read library
  0:00:01.428    12M / 1G    INFO    General                 (path_extend_launch.hpp    : 878)   Scaffolder is on
  0:00:01.430    12M / 1G    INFO   PathExtendIO             (pe_io.hpp                 : 214)   Writing contigs to /graph_assembler/assemblers/spadesOutput/real.error.large/25//K25/final_contigs
  0:00:01.432    12M / 1G    INFO    General                 (path_extend_launch.hpp    : 263)   Traversing tandem repeats
  0:00:01.434    12M / 1G    INFO   PathExtendIO             (pe_io.hpp                 : 214)   Writing contigs to /graph_assembler/assemblers/spadesOutput/real.error.large/25//K25/scaffolds
  0:00:01.438    12M / 1G    INFO    General                 (launch.hpp                : 121)   SPAdes finished
  0:00:01.441    12M / 1G    INFO    General                 (main.cpp                  : 109)   Assembling time: 0 hours 0 minutes 1 seconds

===== Assembling finished. Used k-mer sizes: 25 

 * Assembled contigs are in /graph_assembler/assemblers/spadesOutput/real.error.large/25/contigs.fasta
 * Assembled scaffolds are in /graph_assembler/assemblers/spadesOutput/real.error.large/25/scaffolds.fasta
 * Assembly graph is in /graph_assembler/assemblers/spadesOutput/real.error.large/25/assembly_graph.fastg
 * Paths in the assembly graph corresponding to the contigs are in /graph_assembler/assemblers/spadesOutput/real.error.large/25/contigs.paths
 * Paths in the assembly graph corresponding to the scaffolds are in /graph_assembler/assemblers/spadesOutput/real.error.large/25/scaffolds.paths

======= SPAdes pipeline finished.

SPAdes log can be found here: /graph_assembler/assemblers/spadesOutput/real.error.large/25/spades.log

Thank you for using SPAdes!
