[10/21/2016:13:49:30] Edena v3.131028
[10/21/2016:13:49:30] argv[1] -e
[10/21/2016:13:49:30] argv[2] assemblers/edenaOutput/synthetic.noerror.small/.ovl
[10/21/2016:13:49:30] argv[3] -p
[10/21/2016:13:49:30] argv[4] assemblers/edenaOutput/synthetic.noerror.small/
[10/21/2016:13:49:30] reads length:             35
[10/21/2016:13:49:30] number of reads:          93
[10/21/2016:13:49:30] number of nodes:          79
[10/21/2016:13:49:30] number of edges:          79
[10/21/2016:13:49:30] minimum overlap size:     17
[10/21/2016:13:49:30] Graph has been condensed to 4 nodes
[10/21/2016:13:49:30] Removed orphan non-usable nodes: 0 (0.0% of the total number of reads)
[10/21/2016:13:49:30] Removed dead-ends: 0 (0.0% of the total number of reads)
[10/21/2016:13:49:30] Graph has been condensed to 4 nodes
[10/21/2016:13:49:30] Contextual cleaning cleared 0 incoherent edges
[10/21/2016:13:49:30] Graph has been condensed to 4 nodes
[10/21/2016:13:49:30] Removed dead-ends: 0 (0.0% of the total number of reads)
[10/21/2016:13:49:30] Graph has been condensed to 4 nodes
[10/21/2016:13:49:30] Removed orphan non-usable nodes: 0
[10/21/2016:13:49:30] Graph has been condensed to 4 nodes
[10/21/2016:13:49:30] Nodes coverage sampling:
[10/21/2016:13:49:30] mean: 10.9
[10/21/2016:13:49:30] median: 10.4
[10/21/2016:13:49:30] 1st percentile 0.0
[10/21/2016:13:49:30] 1st decile 0.0
[10/21/2016:13:49:30] sd: 1.6
[10/21/2016:13:49:30] minimum required coverage automatically set to: 5.4
[10/21/2016:13:49:30] target size (roughly) estimated as 299
[10/21/2016:13:49:30] Resolved bubbles: 0
[10/21/2016:13:49:30] Graph has been condensed to 4 nodes
[10/21/2016:13:49:30] Suspicious nodes removed: 0
[10/21/2016:13:49:30] Graph has been condensed to 4 nodes
[10/21/2016:13:49:30] Number of contigs:  3
[10/21/2016:13:49:30] sum:  324 bp 
[10/21/2016:13:49:30] N50:  104 bp 
[10/21/2016:13:49:30] mean: 108 bp 
[10/21/2016:13:49:30] max:  148 bp 
[10/21/2016:13:49:30] min:  72 bp 
[10/21/2016:13:49:30] Assembly breaks occurred due to:
[10/21/2016:13:49:30] non-resolved ambiguity: 4
[10/21/2016:13:49:30] dead-end: 2
