[10/21/2016:13:49:30] Edena v3.131028
[10/21/2016:13:49:30] argv[1] -r
[10/21/2016:13:49:30] argv[2] data/synthetic.noerror.small.fasta
[10/21/2016:13:49:30] argv[3] -p
[10/21/2016:13:49:30] argv[4] assemblers/edenaOutput/synthetic.noerror.small/
[10/21/2016:13:49:30] Number of reads upper bound estimation: 94
[10/21/2016:13:49:30] Opening file:
[10/21/2016:13:49:30] data/synthetic.noerror.small.fasta
[10/21/2016:13:49:30] Loaded: 93, discarded: 0
[10/21/2016:13:49:30] Reads length: 35
[10/21/2016:13:49:30] Number of reads: 93
[10/21/2016:13:49:30] Number of distinct sequences: 79
[10/21/2016:13:49:30] Average reads redundancy: 1.2
[10/21/2016:13:49:30] Initializing prefix tables
[10/21/2016:13:49:30] Minimum overlaps size: 17
[10/21/2016:13:49:30] Start computing overlaps
[10/21/2016:13:49:30] Done computing overlaps
[10/21/2016:13:49:30] Number of nodes: 79
[10/21/2016:13:49:30] Number of edges: 79
[10/21/2016:13:49:30] OSG written to file assemblers/edenaOutput/synthetic.noerror.small/.ovl
