Command line: assemblers/spades/bin/spades.py	-k	29	-s	/graph_assembler/data/real.error.large.fasta	--only-assembler	-o	/graph_assembler/assemblers/spadesOutput/real.error.large/29	-t	2	-m	2	

System information:
  SPAdes version: 3.9.0
  Python version: 2.7.12
  OS: Linux-4.4.20-moby-x86_64-with-Ubuntu-16.04-xenial

Output dir: /graph_assembler/assemblers/spadesOutput/real.error.large/29
Mode: ONLY assembling (without read error correction)
Debug mode is turned OFF

Dataset parameters:
  Multi-cell mode (you should set '--sc' flag if input data was obtained with MDA (single-cell) technology or --meta flag if processing metagenomic dataset)
  Reads:
    Library number: 1, library type: single
      left reads: not specified
      right reads: not specified
      interlaced reads: not specified
      single reads: ['/graph_assembler/data/real.error.large.fasta']
Assembly parameters:
  k: [29]
  Repeat resolution is enabled
  Mismatch careful mode is turned OFF
  MismatchCorrector will be SKIPPED
  Coverage cutoff is turned OFF
Other parameters:
  Dir for temp files: /graph_assembler/assemblers/spadesOutput/real.error.large/29/tmp
  Threads: 2
  Memory limit (in Gb): 2


======= SPAdes pipeline started. Log can be found here: /graph_assembler/assemblers/spadesOutput/real.error.large/29/spades.log


===== Assembling started.


== Running assembler: K29

  0:00:00.000     4M / 4M    INFO    General                 (main.cpp                  :  75)   Loading config from /graph_assembler/assemblers/spadesOutput/real.error.large/29/K29/configs/config.info
  0:00:00.000     4M / 4M    INFO    General                 (memory_limit.hpp          :  47)   Memory limit set to 2 Gb
  0:00:00.000     4M / 4M    INFO    General                 (main.cpp                  :  88)   Starting SPAdes, built from refs/heads/master, git revision 437fb35bb902e3890e120debbd3a3aacaabbf8d0
  0:00:00.000     4M / 4M    INFO    General                 (main.cpp                  :  89)   Maximum k-mer length: 128
  0:00:00.000     4M / 4M    INFO    General                 (main.cpp                  :  90)   Assembling dataset (/graph_assembler/assemblers/spadesOutput/real.error.large/29/dataset.info) with K=29
  0:00:00.000     4M / 4M    INFO    General                 (launch.hpp                :  29)   SPAdes started
  0:00:00.000     4M / 4M    INFO    General                 (launch.hpp                :  36)   Starting from stage: construction
  0:00:00.000     4M / 4M    INFO    General                 (launch.hpp                :  39)   Two-step RR enabled: 0
  0:00:00.000     4M / 4M    INFO    General                 (launch.hpp                :  58)   Will need read mapping, kmer mapper will be attached
  0:00:00.000     4M / 4M    INFO   StageManager             (stage.cpp                 : 126)   STAGE == Construction
  0:00:00.000     4M / 4M    INFO    General                 (read_converter.hpp        :  78)   Converting reads to binary format for library #0 (takes a while)
  0:00:00.000     4M / 4M    INFO    General                 (read_converter.hpp        :  79)   Converting paired reads
  0:00:00.087    68M / 100M  INFO    General                 (binary_converter.hpp      : 159)   0 reads written
  0:00:00.090     4M / 100M  INFO    General                 (read_converter.hpp        :  88)   Converting single reads
  0:00:00.222   132M / 196M  INFO    General                 (binary_converter.hpp      : 159)   4675 reads written
  0:00:00.230     4M / 196M  INFO    General                 (graph_construction.hpp    : 120)   Constructing DeBruijn graph for k=29
  0:00:00.230     4M / 196M  INFO    General                 (kmer_splitters.hpp        : 130)   Splitting kmer instances into 4 buckets. This might take a while.
  0:00:00.230     4M / 196M  INFO    General                 (file_limit.hpp            :  30)   Open file limit set to 1048576
  0:00:00.230     4M / 196M  INFO    General                 (kmer_index_builder.hpp    : 105)   Memory available for splitting buffers: 0.332682 Gb
  0:00:00.230     4M / 196M  INFO    General                 (kmer_index_builder.hpp    : 113)   Using cell size of 11162965
  0:00:00.270   776M / 868M  INFO    General                 (kmer_splitters.hpp        : 160)   Adding contigs from previous K
  0:00:00.270   776M / 868M  INFO    General                 (kmer_splitters.hpp        : 171)   Used 9350 reads. Maximum read length 100
  0:00:00.270   776M / 868M  INFO    General                 (kmer_splitters.hpp        : 172)   Average read length 99.6535
  0:00:00.270   776M / 868M  INFO    General                 (kmer_index_builder.hpp    : 232)   Starting k-mer counting.
  0:00:00.274   776M / 868M  INFO    General                 (kmer_index_builder.hpp    : 238)   K-mer counting done. There are 71848 kmers in total.
  0:00:00.274   776M / 868M  INFO    General                 (kmer_index_builder.hpp    : 240)   Merging temporary buckets.
  0:00:00.277   776M / 868M  INFO   K-mer Index Building     (kmer_index_builder.hpp    : 346)   Building kmer index
  0:00:00.277   776M / 868M  INFO    General                 (kmer_splitters.hpp        : 282)   Splitting kmer instances into 32 buckets. This might take a while.
  0:00:00.277   776M / 868M  INFO    General                 (file_limit.hpp            :  30)   Open file limit set to 1048576
  0:00:00.277   776M / 868M  INFO    General                 (kmer_index_builder.hpp    : 105)   Memory available for splitting buffers: 0.207031 Gb
  0:00:00.277   776M / 868M  INFO    General                 (kmer_index_builder.hpp    : 113)   Using cell size of 868352
  0:00:00.322     1G / 1G    INFO    General                 (kmer_splitters.hpp        : 301)   Processed 71848 kmers
  0:00:00.322     1G / 1G    INFO    General                 (kmer_splitters.hpp        : 306)   Used 71848 kmers.
  0:00:00.322     1G / 1G    INFO    General                 (kmer_index_builder.hpp    : 232)   Starting k-mer counting.
  0:00:00.337     1G / 1G    INFO    General                 (kmer_index_builder.hpp    : 238)   K-mer counting done. There are 71476 kmers in total.
  0:00:00.337     1G / 1G    INFO    General                 (kmer_index_builder.hpp    : 240)   Merging temporary buckets.
  0:00:00.341     1G / 1G    INFO   K-mer Index Building     (kmer_index_builder.hpp    : 355)   Building perfect hash indices
  0:00:00.350     1G / 1G    INFO    General                 (kmer_index_builder.hpp    : 256)   Merging final buckets.
  0:00:00.354     1G / 1G    INFO   K-mer Index Building     (kmer_index_builder.hpp    : 401)   Index built. Total 23464 bytes occupied (2.62622 bits per kmer).
  0:00:00.354     1G / 1G    INFO   DeBruijnExtensionIndexBu (kmer_extension_index_build:  85)   Building k-mer extensions from k+1-mers
  0:00:00.385     1G / 1G    INFO   DeBruijnExtensionIndexBu (kmer_extension_index_build:  89)   Building k-mer extensions from k+1-mers finished.
  0:00:00.386     8M / 1G    INFO    General                 (graph_construction.hpp    : 136)   Condensing graph
  0:00:00.386     8M / 1G    INFO   UnbranchingPathExtractor (debruijn_graph_constructor: 330)   Extracting unbranching paths
  0:00:00.430     8M / 1G    INFO   UnbranchingPathExtractor (debruijn_graph_constructor: 344)   Extracting unbranching paths finished. 7786 sequences extracted
  0:00:00.451     8M / 1G    INFO   UnbranchingPathExtractor (debruijn_graph_constructor: 304)   Collecting perfect loops
  0:00:00.466     8M / 1G    INFO   UnbranchingPathExtractor (debruijn_graph_constructor: 319)   Collecting perfect loops finished. 0 loops collected
  0:00:00.472     8M / 1G    INFO    General                 (graph_construction.hpp    : 141)   Building index with from graph
  0:00:00.472     8M / 1G    INFO   K-mer Index Building     (kmer_index_builder.hpp    : 346)   Building kmer index
  0:00:00.472     8M / 1G    INFO    General                 (kmer_splitters.hpp        : 213)   Splitting kmer instances into 16 buckets. This might take a while.
  0:00:00.472     8M / 1G    INFO    General                 (file_limit.hpp            :  30)   Open file limit set to 1048576
  0:00:00.472     8M / 1G    INFO    General                 (kmer_index_builder.hpp    : 105)   Memory available for splitting buffers: 0.664062 Gb
  0:00:00.472     8M / 1G    INFO    General                 (kmer_index_builder.hpp    : 113)   Using cell size of 4194304
  0:00:00.491   584M / 1G    INFO    General                 (kmer_splitters.hpp        : 224)   Processed 7786 edges
  0:00:00.491   584M / 1G    INFO    General                 (kmer_splitters.hpp        : 229)   Used 7786 sequences.
  0:00:00.491   584M / 1G    INFO    General                 (kmer_index_builder.hpp    : 232)   Starting k-mer counting.
  0:00:00.496   584M / 1G    INFO    General                 (kmer_index_builder.hpp    : 238)   K-mer counting done. There are 71848 kmers in total.
  0:00:00.496   584M / 1G    INFO    General                 (kmer_index_builder.hpp    : 240)   Merging temporary buckets.
  0:00:00.499   584M / 1G    INFO   K-mer Index Building     (kmer_index_builder.hpp    : 355)   Building perfect hash indices
  0:00:00.515   584M / 1G    INFO    General                 (kmer_index_builder.hpp    : 256)   Merging final buckets.
  0:00:00.516   584M / 1G    INFO   K-mer Index Building     (kmer_index_builder.hpp    : 401)   Index built. Total 23576 bytes occupied (2.6251 bits per kmer).
  0:00:00.518     8M / 1G    INFO    General                 (edge_index_builders.hpp   :  27)   Collecting k-mer coverage information from graph, this takes a while.
  0:00:00.547     8M / 1G    INFO    General                 (edge_index.hpp            :  91)   Index refilled
  0:00:00.549     8M / 1G    INFO    General                 (graph_construction.hpp    : 173)   Filling coverage index
  0:00:00.549     8M / 1G    INFO    General                 (edge_index_builders.hpp   : 105)   Collecting k-mer coverage information from reads, this takes a while.
  0:00:00.641     8M / 1G    INFO    General                 (graph_construction.hpp    : 175)   Filling coverage and flanking coverage from index
  0:00:00.643     8M / 1G    INFO    General                 (construction.cpp          :  30)   Figured out: read length = 100
  0:00:00.643     8M / 1G    INFO   StageManager             (stage.cpp                 : 126)   STAGE == EC Threshold Finding
  0:00:00.644     8M / 1G    INFO    General                 (kmer_coverage_model.cpp   : 180)   Kmer coverage valley at: 2
  0:00:00.644     8M / 1G    INFO    General                 (kmer_coverage_model.cpp   : 200)   K-mer histogram maximum: 10
  0:00:00.644     8M / 1G    INFO    General                 (kmer_coverage_model.cpp   : 236)   Estimated median coverage: 11. Coverage mad: 5.9304
  0:00:00.644     8M / 1G    INFO    General                 (kmer_coverage_model.cpp   : 275)   Fitting coverage model
  0:00:00.655     8M / 1G    INFO    General                 (kmer_coverage_model.cpp   : 311)   ... iteration 2
  0:00:00.686     8M / 1G    INFO    General                 (kmer_coverage_model.cpp   : 311)   ... iteration 4
  0:00:00.767     8M / 1G    INFO    General                 (kmer_coverage_model.cpp   : 311)   ... iteration 8
  0:00:00.924     8M / 1G    INFO    General                 (kmer_coverage_model.cpp   : 311)   ... iteration 16
  0:00:01.141     8M / 1G    INFO    General                 (kmer_coverage_model.cpp   : 325)   Fitted mean coverage: 12.274. Fitted coverage std. dev: 4.94059
  0:00:01.142     8M / 1G    INFO    General                 (kmer_coverage_model.cpp   : 350)   Probability of erroneous kmer at valley: 0.710008
  0:00:01.142     8M / 1G    INFO    General                 (kmer_coverage_model.cpp   : 374)   Preliminary threshold calculated as: 8
  0:00:01.142     8M / 1G    INFO    General                 (kmer_coverage_model.cpp   : 378)   Threshold adjusted to: 7
  0:00:01.142     8M / 1G    INFO    General                 (kmer_coverage_model.cpp   : 391)   Estimated genome size (ignoring repeats): 19544
  0:00:01.142     8M / 1G    INFO    General                 (genomic_info_filler.cpp   : 133)   Mean coverage was calculated as 12.274
  0:00:01.142     8M / 1G    INFO    General                 (genomic_info_filler.cpp   : 147)   EC coverage threshold value was calculated as 7
  0:00:01.142     8M / 1G    INFO    General                 (genomic_info_filler.cpp   : 148)   Trusted kmer low bound: 0
  0:00:01.142     8M / 1G    INFO   StageManager             (stage.cpp                 : 126)   STAGE == Gap Closer
  0:00:01.142     8M / 1G    INFO    General                 (gap_closer.cpp            : 489)   No paired-end libraries exist, skipping gap closer
  0:00:01.142     8M / 1G    INFO   StageManager             (stage.cpp                 : 126)   STAGE == Simplification
  0:00:01.142     8M / 1G    INFO    General                 (simplification.cpp        : 349)   Graph simplification started
  0:00:01.142     8M / 1G    INFO    General                 (simplification.cpp        :  98)   PROCEDURE == InitialCleaning
  0:00:01.143     8M / 1G    INFO    General                 (graph_simplification.hpp  : 577)   Removing isolated edges
  0:00:01.143     8M / 1G    INFO    General                 (graph_simplification.hpp  : 578)   All isolated edges shorter than 100 will be removed
  0:00:01.143     8M / 1G    INFO    General                 (graph_simplification.hpp  : 579)   Also isolated edges shorter than 0 and coverage smaller than 0 will be removed
  0:00:01.143     8M / 1G    INFO    General                 (graph_simplification.hpp  : 850)   Flanking coverage based disconnection disabled
  0:00:01.143     8M / 1G    INFO    General                 (simplification.cpp        : 326)   Running Self conjugate edge remover
  0:00:01.148     8M / 1G    INFO    General                 (simplification.cpp        : 326)   Running Initial isolated edge remover
  0:00:01.150     8M / 1G    INFO    General                 (simplification.cpp        : 326)   Running Initial tip clipper
  0:00:01.167     8M / 1G    INFO    General                 (simplification.cpp        : 326)   Running Initial ec remover
  0:00:01.173     8M / 1G    INFO    General                 (graph_simplification.hpp  : 763)   Creating parallel br instance
  0:00:01.173     8M / 1G    INFO    General                 (simplification.cpp        : 372)   PROCEDURE == Simplification cycle, iteration 1
  0:00:01.173     8M / 1G    INFO    General                 (simplification.cpp        : 326)   Running Tip clipper
  0:00:01.175     8M / 1G    INFO    General                 (simplification.cpp        : 326)   Running Bulge remover
  0:00:01.189     8M / 1G    INFO    General                 (simplification.cpp        : 326)   Running Low coverage edge remover
  0:00:01.190     8M / 1G    INFO    General                 (simplification.cpp        : 372)   PROCEDURE == Simplification cycle, iteration 2
  0:00:01.190     8M / 1G    INFO    General                 (simplification.cpp        : 326)   Running Tip clipper
  0:00:01.190     8M / 1G    INFO    General                 (simplification.cpp        : 326)   Running Bulge remover
  0:00:01.192     8M / 1G    INFO    General                 (simplification.cpp        : 326)   Running Low coverage edge remover
  0:00:01.192     8M / 1G    INFO    General                 (simplification.cpp        : 372)   PROCEDURE == Simplification cycle, iteration 3
  0:00:01.192     8M / 1G    INFO    General                 (simplification.cpp        : 326)   Running Tip clipper
  0:00:01.192     8M / 1G    INFO    General                 (simplification.cpp        : 326)   Running Bulge remover
  0:00:01.194     8M / 1G    INFO    General                 (simplification.cpp        : 326)   Running Low coverage edge remover
  0:00:01.194     8M / 1G    INFO    General                 (simplification.cpp        : 372)   PROCEDURE == Simplification cycle, iteration 4
  0:00:01.194     8M / 1G    INFO    General                 (simplification.cpp        : 326)   Running Tip clipper
  0:00:01.194     8M / 1G    INFO    General                 (simplification.cpp        : 326)   Running Bulge remover
  0:00:01.194     8M / 1G    INFO    General                 (simplification.cpp        : 326)   Running Low coverage edge remover
  0:00:01.194     8M / 1G    INFO    General                 (simplification.cpp        : 372)   PROCEDURE == Simplification cycle, iteration 5
  0:00:01.194     8M / 1G    INFO    General                 (simplification.cpp        : 326)   Running Tip clipper
  0:00:01.194     8M / 1G    INFO    General                 (simplification.cpp        : 326)   Running Bulge remover
  0:00:01.195     8M / 1G    INFO    General                 (simplification.cpp        : 326)   Running Low coverage edge remover
  0:00:01.195     8M / 1G    INFO    General                 (simplification.cpp        : 372)   PROCEDURE == Simplification cycle, iteration 6
  0:00:01.195     8M / 1G    INFO    General                 (simplification.cpp        : 326)   Running Tip clipper
  0:00:01.195     8M / 1G    INFO    General                 (simplification.cpp        : 326)   Running Bulge remover
  0:00:01.195     8M / 1G    INFO    General                 (simplification.cpp        : 326)   Running Low coverage edge remover
  0:00:01.195     8M / 1G    INFO    General                 (simplification.cpp        : 372)   PROCEDURE == Simplification cycle, iteration 7
  0:00:01.195     8M / 1G    INFO    General                 (simplification.cpp        : 326)   Running Tip clipper
  0:00:01.195     8M / 1G    INFO    General                 (simplification.cpp        : 326)   Running Bulge remover
  0:00:01.195     8M / 1G    INFO    General                 (simplification.cpp        : 326)   Running Low coverage edge remover
  0:00:01.195     8M / 1G    INFO    General                 (simplification.cpp        : 372)   PROCEDURE == Simplification cycle, iteration 8
  0:00:01.195     8M / 1G    INFO    General                 (simplification.cpp        : 326)   Running Tip clipper
  0:00:01.195     8M / 1G    INFO    General                 (simplification.cpp        : 326)   Running Bulge remover
  0:00:01.195     8M / 1G    INFO    General                 (simplification.cpp        : 326)   Running Low coverage edge remover
  0:00:01.195     8M / 1G    INFO    General                 (simplification.cpp        : 372)   PROCEDURE == Simplification cycle, iteration 9
  0:00:01.195     8M / 1G    INFO    General                 (simplification.cpp        : 326)   Running Tip clipper
  0:00:01.195     8M / 1G    INFO    General                 (simplification.cpp        : 326)   Running Bulge remover
  0:00:01.199     8M / 1G    INFO    General                 (simplification.cpp        : 326)   Running Low coverage edge remover
  0:00:01.199     8M / 1G    INFO    General                 (simplification.cpp        : 372)   PROCEDURE == Simplification cycle, iteration 10
  0:00:01.199     8M / 1G    INFO    General                 (simplification.cpp        : 326)   Running Tip clipper
  0:00:01.199     8M / 1G    INFO    General                 (simplification.cpp        : 326)   Running Bulge remover
  0:00:01.199     8M / 1G    INFO    General                 (simplification.cpp        : 326)   Running Low coverage edge remover
  0:00:01.199     8M / 1G    INFO    General                 (simplification.cpp        : 372)   PROCEDURE == Simplification cycle, iteration 11
  0:00:01.199     8M / 1G    INFO    General                 (simplification.cpp        : 326)   Running Tip clipper
  0:00:01.199     8M / 1G    INFO    General                 (simplification.cpp        : 326)   Running Bulge remover
  0:00:01.199     8M / 1G    INFO    General                 (simplification.cpp        : 326)   Running Low coverage edge remover
  0:00:01.199     8M / 1G    INFO    General                 (simplification.cpp        : 213)   PROCEDURE == Post simplification
  0:00:01.199     8M / 1G    INFO    General                 (graph_simplification.hpp  : 763)   Creating parallel br instance
  0:00:01.199     8M / 1G    INFO    General                 (simplification.cpp        : 268)   Iteration 0
  0:00:01.199     8M / 1G    INFO    General                 (graph_simplification.hpp  : 463)   Removal of relatively low covered connections disabled
  0:00:01.199     8M / 1G    INFO    General                 (graph_simplification.hpp  : 480)   Disconnection of relatively low covered edges disabled
  0:00:01.199     8M / 1G    INFO    General                 (graph_simplification.hpp  : 536)   Complex tip clipping disabled
  0:00:01.199     8M / 1G    INFO    General                 (simplification.cpp        : 326)   Running Tip clipper
  0:00:01.199     8M / 1G    INFO    General                 (simplification.cpp        : 326)   Running Bulge remover
  0:00:01.199     8M / 1G    INFO    General                 (simplification.cpp        : 296)   Disrupting self-conjugate edges
  0:00:01.199     8M / 1G    INFO   StageManager             (stage.cpp                 : 126)   STAGE == Gap Closer
  0:00:01.199     8M / 1G    INFO    General                 (gap_closer.cpp            : 489)   No paired-end libraries exist, skipping gap closer
  0:00:01.199     8M / 1G    INFO   StageManager             (stage.cpp                 : 126)   STAGE == Simplification Cleanup
  0:00:01.199     8M / 1G    INFO    General                 (graph_simplification.hpp  : 577)   Removing isolated edges
  0:00:01.199     8M / 1G    INFO    General                 (graph_simplification.hpp  : 578)   All isolated edges shorter than 150 will be removed
  0:00:01.199     8M / 1G    INFO    General                 (graph_simplification.hpp  : 579)   Also isolated edges shorter than 0 and coverage smaller than 2 will be removed
  0:00:01.200     8M / 1G    INFO    General                 (simplification.cpp        : 522)   Counting average coverage
  0:00:01.200     8M / 1G    INFO    General                 (simplification.cpp        : 527)   Average coverage = 12.3455
  0:00:01.200     8M / 1G    INFO   StageManager             (stage.cpp                 : 126)   STAGE == Mismatch Correction
  0:00:01.200     8M / 1G    INFO    General                 (graph_pack.hpp            :  91)   Index refill
  0:00:01.200     8M / 1G    INFO   K-mer Index Building     (kmer_index_builder.hpp    : 346)   Building kmer index
  0:00:01.200     8M / 1G    INFO    General                 (kmer_splitters.hpp        : 213)   Splitting kmer instances into 16 buckets. This might take a while.
  0:00:01.200     8M / 1G    INFO    General                 (file_limit.hpp            :  30)   Open file limit set to 1048576
  0:00:01.200     8M / 1G    INFO    General                 (kmer_index_builder.hpp    : 105)   Memory available for splitting buffers: 0.664062 Gb
  0:00:01.200     8M / 1G    INFO    General                 (kmer_index_builder.hpp    : 113)   Using cell size of 4194304
  0:00:01.208   584M / 1G    INFO    General                 (kmer_splitters.hpp        : 229)   Used 112 sequences.
  0:00:01.208   584M / 1G    INFO    General                 (kmer_index_builder.hpp    : 232)   Starting k-mer counting.
  0:00:01.210   584M / 1G    INFO    General                 (kmer_index_builder.hpp    : 238)   K-mer counting done. There are 22631 kmers in total.
  0:00:01.210   584M / 1G    INFO    General                 (kmer_index_builder.hpp    : 240)   Merging temporary buckets.
  0:00:01.212   584M / 1G    INFO   K-mer Index Building     (kmer_index_builder.hpp    : 355)   Building perfect hash indices
  0:00:01.223   584M / 1G    INFO    General                 (kmer_index_builder.hpp    : 256)   Merging final buckets.
  0:00:01.229   584M / 1G    INFO   K-mer Index Building     (kmer_index_builder.hpp    : 401)   Index built. Total 7536 bytes occupied (2.66396 bits per kmer).
  0:00:01.230     8M / 1G    INFO    General                 (edge_index_builders.hpp   :  27)   Collecting k-mer coverage information from graph, this takes a while.
  0:00:01.242     8M / 1G    INFO    General                 (edge_index.hpp            :  91)   Index refilled
  0:00:01.242     8M / 1G    INFO    General                 (graph_pack.hpp            : 100)   Normalizing k-mer map. Total 7712 kmers to process
  0:00:01.246     8M / 1G    INFO    General                 (graph_pack.hpp            : 102)   Normalizing done
  0:00:01.318     8M / 1G    INFO    General                 (mismatch_shall_not_pass.hp: 188)   Finished collecting potential mismatches positions
  0:00:01.319     8M / 1G    INFO    General                 (mismatch_shall_not_pass.hp: 291)   All edges processed
  0:00:01.319     8M / 1G    INFO    General                 (mismatch_correction.cpp   :  26)   Corrected 1 nucleotides
  0:00:01.320     8M / 1G    INFO   StageManager             (stage.cpp                 : 126)   STAGE == Paired Information Counting
  0:00:01.320     8M / 1G    INFO    General                 (graph_pack.hpp            : 100)   Normalizing k-mer map. Total 7712 kmers to process
  0:00:01.326     8M / 1G    INFO    General                 (graph_pack.hpp            : 102)   Normalizing done
  0:00:01.326     8M / 1G    INFO    General                 (pair_info_count.cpp       : 173)   Min edge length for estimation: 1691
  0:00:01.326     8M / 1G    INFO    General                 (pair_info_count.cpp       : 231)   Mapping library #0
  0:00:01.326     8M / 1G    INFO    General                 (pair_info_count.cpp       : 246)   Mapping single reads (takes a while)
  0:00:01.326     8M / 1G    INFO    General                 (short_read_mapper.hpp     :  93)   Selecting usual mapper
  0:00:01.359     8M / 1G    INFO    General                 (sequence_mapper_notifier.h:  94)   Total 4675 reads processed
  0:00:01.359     8M / 1G    INFO    General                 (pair_info_count.cpp       : 251)   Total paths obtained from single reads: 147
  0:00:01.359     8M / 1G    INFO   StageManager             (stage.cpp                 : 126)   STAGE == Distance Estimation
  0:00:01.359     8M / 1G    INFO   StageManager             (stage.cpp                 : 126)   STAGE == Repeat Resolving
  0:00:01.359     8M / 1G    INFO    General                 (contig_output.hpp         : 309)   Outputting contigs to /graph_assembler/assemblers/spadesOutput/real.error.large/29//K29/before_rr.fasta
  0:00:01.362     8M / 1G    INFO    General                 (contig_output.hpp         : 342)   Outputting graph to /graph_assembler/assemblers/spadesOutput/real.error.large/29//K29/assembly_graph.fastg
  0:00:01.368     8M / 1G    INFO    General                 (repeat_resolving.cpp      :  78)   Using Path-Extend repeat resolving
  0:00:01.368     8M / 1G    INFO    General                 (path_extend_launch.hpp    :1056)   ExSPAnder repeat resolving tool started
  0:00:01.368     8M / 1G    INFO    General                 (path_extend_launch.hpp    :1094)   SUBSTAGE = paired-end libraries
  0:00:01.368     8M / 1G    INFO    General                 (path_extend_launch.hpp    : 381)   resolvable_repeat_length_bound set to 10000
  0:00:01.371     8M / 1G    INFO    General                 (path_extend_launch.hpp    : 874)   Using 0 paired-end libraries
  0:00:01.371     8M / 1G    INFO    General                 (path_extend_launch.hpp    : 875)   Using 0 paired-end scaffolding libraries
  0:00:01.371     8M / 1G    INFO    General                 (path_extend_launch.hpp    : 876)   Using 0 mate-pair libraries
  0:00:01.371     8M / 1G    INFO    General                 (path_extend_launch.hpp    : 877)   Using 1 single read library
  0:00:01.371     8M / 1G    INFO    General                 (path_extend_launch.hpp    : 878)   Scaffolder is on
  0:00:01.371     8M / 1G    INFO    General                 (path_extend_launch.hpp    :1115)   Growing paths using paired-end and long single reads
  0:00:01.371     8M / 1G    INFO    General                 (path_extend_launch.hpp    :1116)   Multi path extend is off
  0:00:01.371     8M / 1G    INFO    General                 (path_extend_launch.hpp    :1117)   Overlap removal is on
  0:00:01.371     8M / 1G    INFO   PathExtender             (path_extender.hpp         : 952)   Processed 0 paths from 53 (0%)
  0:00:01.372     8M / 1G    INFO   PathExtender             (path_extender.hpp         : 952)   Processed 6 paths from 53 (11%)
  0:00:01.373     8M / 1G    INFO   PathExtender             (path_extender.hpp         : 952)   Processed 12 paths from 53 (22%)
  0:00:01.373     8M / 1G    INFO   PathExtender             (path_extender.hpp         : 952)   Processed 18 paths from 53 (33%)
  0:00:01.373     8M / 1G    INFO   PathExtender             (path_extender.hpp         : 952)   Processed 24 paths from 53 (45%)
  0:00:01.374     8M / 1G    INFO   PathExtender             (path_extender.hpp         : 952)   Processed 30 paths from 53 (56%)
  0:00:01.375     8M / 1G    INFO   PathExtender             (path_extender.hpp         : 952)   Processed 36 paths from 53 (67%)
  0:00:01.377     8M / 1G    INFO   PathExtender             (path_extender.hpp         : 952)   Processed 42 paths from 53 (79%)
  0:00:01.377     8M / 1G    INFO   PathExtender             (path_extender.hpp         : 952)   Processed 48 paths from 53 (90%)
  0:00:01.377     8M / 1G    INFO    General                 (path_extend_launch.hpp    : 381)   resolvable_repeat_length_bound set to 10000
  0:00:01.381    12M / 1G    INFO    General                 (path_extend_launch.hpp    : 874)   Using 0 paired-end libraries
  0:00:01.381    12M / 1G    INFO    General                 (path_extend_launch.hpp    : 875)   Using 0 paired-end scaffolding libraries
  0:00:01.381    12M / 1G    INFO    General                 (path_extend_launch.hpp    : 876)   Using 0 mate-pair libraries
  0:00:01.381    12M / 1G    INFO    General                 (path_extend_launch.hpp    : 877)   Using 1 single read library
  0:00:01.381    12M / 1G    INFO    General                 (path_extend_launch.hpp    : 878)   Scaffolder is on
  0:00:01.383    12M / 1G    INFO   PathExtendIO             (pe_io.hpp                 : 214)   Writing contigs to /graph_assembler/assemblers/spadesOutput/real.error.large/29//K29/final_contigs
  0:00:01.388    12M / 1G    INFO    General                 (path_extend_launch.hpp    : 263)   Traversing tandem repeats
  0:00:01.391    12M / 1G    INFO   PathExtendIO             (pe_io.hpp                 : 214)   Writing contigs to /graph_assembler/assemblers/spadesOutput/real.error.large/29//K29/scaffolds
  0:00:01.395    12M / 1G    INFO    General                 (launch.hpp                : 121)   SPAdes finished
  0:00:01.399     8M / 1G    INFO    General                 (main.cpp                  : 109)   Assembling time: 0 hours 0 minutes 1 seconds

===== Assembling finished. Used k-mer sizes: 29 

 * Assembled contigs are in /graph_assembler/assemblers/spadesOutput/real.error.large/29/contigs.fasta
 * Assembled scaffolds are in /graph_assembler/assemblers/spadesOutput/real.error.large/29/scaffolds.fasta
 * Assembly graph is in /graph_assembler/assemblers/spadesOutput/real.error.large/29/assembly_graph.fastg
 * Paths in the assembly graph corresponding to the contigs are in /graph_assembler/assemblers/spadesOutput/real.error.large/29/contigs.paths
 * Paths in the assembly graph corresponding to the scaffolds are in /graph_assembler/assemblers/spadesOutput/real.error.large/29/scaffolds.paths

======= SPAdes pipeline finished.

SPAdes log can be found here: /graph_assembler/assemblers/spadesOutput/real.error.large/29/spades.log

Thank you for using SPAdes!
