[10/21/2016:13:49:30] Edena v3.131028
[10/21/2016:13:49:30] argv[1] -r
[10/21/2016:13:49:30] argv[2] data/synthetic.example.noerror.small.fasta
[10/21/2016:13:49:30] argv[3] -p
[10/21/2016:13:49:30] argv[4] assemblers/edenaOutput/synthetic.example.noerror.small/
[10/21/2016:13:49:30] Number of reads upper bound estimation: 49
[10/21/2016:13:49:30] Opening file:
[10/21/2016:13:49:30] data/synthetic.example.noerror.small.fasta
[10/21/2016:13:49:30] Loaded: 48, discarded: 0
[10/21/2016:13:49:30] Reads length: 100
[10/21/2016:13:49:30] Number of reads: 48
[10/21/2016:13:49:30] Number of distinct sequences: 45
[10/21/2016:13:49:30] Average reads redundancy: 1.1
[10/21/2016:13:49:30] Initializing prefix tables
[10/21/2016:13:49:30] Minimum overlaps size: 50
[10/21/2016:13:49:30] Start computing overlaps
[10/21/2016:13:49:30] Done computing overlaps
[10/21/2016:13:49:30] Number of nodes: 45
[10/21/2016:13:49:30] Number of edges: 44
[10/21/2016:13:49:30] OSG written to file assemblers/edenaOutput/synthetic.example.noerror.small/.ovl
